INFO 2020-04-29 19:37:46,467 basehttp 588 2684 "GET / HTTP/1.1" 200 29544
INFO 2020-04-29 19:37:49,227 basehttp 588 16152 "GET /marshrutka/ HTTP/1.1" 200 4749
INFO 2020-04-29 19:37:49,272 basehttp 588 13204 "GET /static/css/bootstrap-theme.css HTTP/1.1" 200 22474
INFO 2020-04-29 19:37:49,284 basehttp 588 17724 "GET /static/fon.jpg HTTP/1.1" 200 189788
INFO 2020-04-29 19:37:49,285 basehttp 588 15992 "GET /static/js/bootstrap.js HTTP/1.1" 200 65813
INFO 2020-04-29 19:37:49,289 basehttp 588 17564 "GET /static/css/bootstrap.css HTTP/1.1" 200 137067
INFO 2020-04-29 19:37:49,300 basehttp 588 17132 "GET /static/js/jquery-3.3.1.js HTTP/1.1" 200 271751
INFO 2020-04-29 19:37:49,308 basehttp 588 15516 "GET /static/js/materialize.js HTTP/1.1" 200 267975
INFO 2020-04-29 19:37:49,312 basehttp 588 5940 "GET /static/css/materialize.css HTTP/1.1" 200 196321
INFO 2020-04-29 19:37:49,317 basehttp 588 17020 "GET /static/css/main.css HTTP/1.1" 200 33150
INFO 2020-04-29 19:37:49,319 basehttp 588 15272 "GET /static/css/font-awesome.css HTTP/1.1" 200 21658
INFO 2020-04-29 19:37:49,320 basehttp 588 14004 "GET /static/js/dateFormat.js HTTP/1.1" 200 4584
INFO 2020-04-29 19:37:49,324 basehttp 588 6600 "GET /static/css/animate.css HTTP/1.1" 200 61382
INFO 2020-04-29 19:37:50,097 basehttp 588 16696 "GET /static/fonts/fontawesome-webfont.woff?v=4.0.3 HTTP/1.1" 200 0
INFO 2020-04-29 19:37:50,114 basehttp 588 7292 "GET /static/fonts/fontawesome-webfont.ttf?v=4.0.3 HTTP/1.1" 200 0
INFO 2020-04-29 19:38:04,989 basehttp 588 5096 "POST /marshrutka/search HTTP/1.1" 200 5110
INFO 2020-04-29 19:38:11,685 basehttp 588 10588 "GET /marshrutka/book/1/1-2/2A/2020-04-12 HTTP/1.1" 200 4611
INFO 2020-04-29 19:38:17,151 views 588 18232 b Add ticket
INFO 2020-04-29 19:38:17,165 basehttp 588 18232 "POST /marshrutka/confirm/1/1-2/2A/2020-04-12 HTTP/1.1" 200 4099
INFO 2020-04-29 19:38:19,331 basehttp 588 14344 "GET /marshrutka/profile HTTP/1.1" 200 3499
INFO 2020-04-29 19:38:24,198 basehttp 588 7108 "GET /marshrutka/logout/ HTTP/1.1" 302 0
INFO 2020-04-29 19:38:24,208 basehttp 588 2944 "GET /marshrutka/ HTTP/1.1" 302 0
INFO 2020-04-29 19:38:24,221 basehttp 588 3284 "GET /marshrutka/login?next=/marshrutka/ HTTP/1.1" 301 0
INFO 2020-04-29 19:38:24,338 basehttp 588 14204 "GET /marshrutka/login/?next=/marshrutka/ HTTP/1.1" 200 2663
INFO 2020-04-29 19:39:52,385 basehttp 588 15588 "POST /marshrutka/login/?next=/marshrutka/ HTTP/1.1" 302 0
INFO 2020-04-29 19:39:52,614 basehttp 588 16784 "GET /marshrutka/ HTTP/1.1" 200 4749
INFO 2020-04-29 19:39:58,894 basehttp 588 14876 "GET /marshrutka/profile HTTP/1.1" 200 2305
INFO 2020-04-29 19:40:02,640 basehttp 588 1104 "GET /marshrutka/ HTTP/1.1" 200 4749
INFO 2020-04-29 19:40:05,205 basehttp 588 3312 "GET / HTTP/1.1" 200 29544
INFO 2020-04-29 19:40:08,161 basehttp 588 15960 "GET /news/ HTTP/1.1" 200 6433
INFO 2020-04-29 19:40:13,964 basehttp 588 14440 "GET /admin/ HTTP/1.1" 302 0
INFO 2020-04-29 19:40:14,228 basehttp 588 17416 "GET /admin/login/?next=/admin/ HTTP/1.1" 200 2018
INFO 2020-04-29 19:40:14,259 basehttp 588 6420 "GET /static/admin/css/login.css HTTP/1.1" 200 1203
INFO 2020-04-29 19:40:26,605 basehttp 588 18248 "POST /admin/login/?next=/admin/ HTTP/1.1" 302 0
INFO 2020-04-29 19:40:26,807 basehttp 588 10640 "GET /admin/ HTTP/1.1" 200 9808
INFO 2020-04-29 19:41:41,197 basehttp 588 7988 "GET /admin/news/articles/add/ HTTP/1.1" 200 5299
INFO 2020-04-29 19:41:41,391 basehttp 588 17576 "GET /admin/jsi18n/ HTTP/1.1" 200 3185
INFO 2020-04-29 19:42:34,403 basehttp 588 5428 "POST /admin/news/articles/add/ HTTP/1.1" 302 0
INFO 2020-04-29 19:42:34,706 basehttp 588 17504 "GET /admin/news/articles/ HTTP/1.1" 200 4604
INFO 2020-04-29 19:42:34,956 basehttp 588 16536 "GET /admin/jsi18n/ HTTP/1.1" 200 3185
INFO 2020-04-29 19:42:49,871 basehttp 588 9732 "GET / HTTP/1.1" 200 29544
INFO 2020-04-29 19:42:52,846 basehttp 588 9188 "GET /news/ HTTP/1.1" 200 6917
INFO 2020-04-29 19:42:52,902 basehttp 588 13464 "GET /static/image/new.jpg HTTP/1.1" 200 44410
INFO 2020-04-29 19:42:56,218 basehttp 588 13184 "GET /news/1 HTTP/1.1" 200 6274
INFO 2020-04-29 19:43:03,657 basehttp 588 15924 "GET /news/ HTTP/1.1" 200 6917
INFO 2020-04-29 19:43:05,510 basehttp 588 13204 "GET / HTTP/1.1" 200 29544
INFO 2020-04-29 19:46:55,633 basehttp 588 4464 "GET / HTTP/1.1" 200 29544
INFO 2020-04-29 19:46:58,053 basehttp 588 14060 "GET /marshrutka/ HTTP/1.1" 200 4749
INFO 2020-04-29 20:33:35,184 views 4740 9640 Alina Add ticket
INFO 2020-04-29 21:16:13,292 basehttp 13596 12608 "GET / HTTP/1.1" 200 29544
INFO 2020-04-29 21:48:47,821 basehttp 14268 15228 "GET / HTTP/1.1" 200 29544
INFO 2020-04-29 21:51:09,011 basehttp 10084 16044 "GET / HTTP/1.1" 200 29544
INFO 2021-11-03 21:07:06,394 autoreload 15676 11068 Watching for file changes with StatReloader
INFO 2021-11-03 21:55:04,377 basehttp 17284 2136 "GET / HTTP/1.1" 200 29544
INFO 2021-11-03 21:55:05,019 basehttp 17284 1360 "GET /static/web/css/bootstrap.css HTTP/1.1" 200 148206
INFO 2021-11-03 21:55:05,032 basehttp 17284 19880 "GET /static/web/css/easy-responsive-tabs.css HTTP/1.1" 200 4900
INFO 2021-11-03 21:55:05,070 basehttp 17284 18628 "GET /static/web/css/lightbox.css HTTP/1.1" 200 4272
INFO 2021-11-03 21:55:05,070 basehttp 17284 18480 "GET /static/web/css/font-awesome.css HTTP/1.1" 200 39751
INFO 2021-11-03 21:55:05,075 basehttp 17284 5244 "GET /static/web/css/style.css HTTP/1.1" 200 48255
INFO 2021-11-03 21:55:05,076 basehttp 17284 12896 "GET /static/web/js/jquery-2.2.3.min.js HTTP/1.1" 200 85663
INFO 2021-11-03 21:55:05,203 basehttp 17284 3884 "GET /static/web/js/lightbox-plus-jquery.min.js HTTP/1.1" 200 93114
INFO 2021-11-03 21:55:05,212 basehttp 17284 21476 "GET /static/web/js/easy-responsive-tabs.js HTTP/1.1" 200 6612
INFO 2021-11-03 21:55:05,215 basehttp 17284 2800 "GET /static/web/js/index.js HTTP/1.1" 200 782
INFO 2021-11-03 21:55:05,219 basehttp 17284 20240 "GET /static/web/js/jarallax.js HTTP/1.1" 200 15150
INFO 2021-11-03 21:55:05,235 basehttp 17284 17068 "GET /static/web/js/SmoothScroll.min.js HTTP/1.1" 200 14245
INFO 2021-11-03 21:55:05,260 basehttp 17284 13224 "GET /static/web/js/move-top.js HTTP/1.1" 200 1335
INFO 2021-11-03 21:55:05,262 basehttp 17284 18648 "GET /static/web/js/easing.js HTTP/1.1" 200 4900
INFO 2021-11-03 21:55:05,279 basehttp 17284 20572 "GET /static/web/js/bootstrap.js HTTP/1.1" 200 69863
INFO 2021-11-03 21:55:05,293 basehttp 17284 11132 "GET /static/image/Karta.png HTTP/1.1" 200 62421
INFO 2021-11-03 21:55:05,313 basehttp 17284 10760 "GET /static/image/fon2.jpg HTTP/1.1" 200 74078
INFO 2021-11-03 21:55:05,357 basehttp 17284 17488 "GET /static/image/068.jpg HTTP/1.1" 200 45056
INFO 2021-11-03 21:55:05,552 basehttp 17284 9096 "GET /static/image/k1.jpg HTTP/1.1" 200 42550
INFO 2021-11-03 21:55:05,565 basehttp 17284 17840 "GET /static/image/k2.jpg HTTP/1.1" 200 72384
INFO 2021-11-03 21:55:05,594 basehttp 17284 9652 "GET /static/image/k3.jpg HTTP/1.1" 200 69452
INFO 2021-11-03 21:55:05,622 basehttp 17284 18464 "GET /static/image/k4.jpg HTTP/1.1" 200 41708
INFO 2021-11-03 21:55:05,624 basehttp 17284 21040 "GET /static/image/k5.jpg HTTP/1.1" 200 61646
INFO 2021-11-03 21:55:05,654 basehttp 17284 8280 "GET /static/image/k6.jpg HTTP/1.1" 200 53135
INFO 2021-11-03 21:55:05,662 basehttp 17284 3272 "GET /static/image/k7.jpg HTTP/1.1" 200 68268
INFO 2021-11-03 21:55:05,673 basehttp 17284 19472 "GET /static/image/k8.jpg HTTP/1.1" 200 72895
INFO 2021-11-03 21:55:05,681 basehttp 17284 7772 "GET /static/web/images/g7.jpg HTTP/1.1" 200 35325
INFO 2021-11-03 21:55:05,707 basehttp 17284 12608 "GET /static/web/images/g5.jpg HTTP/1.1" 200 57411
INFO 2021-11-03 21:55:05,716 basehttp 17284 18020 "GET /static/web/images/t1.jpg HTTP/1.1" 200 14593
INFO 2021-11-03 21:55:05,727 basehttp 17284 21460 "GET /static/web/images/t2.jpg HTTP/1.1" 200 11516
INFO 2021-11-03 21:55:05,740 basehttp 17284 20884 "GET /static/web/images/t3.jpg HTTP/1.1" 200 83507
INFO 2021-11-03 21:55:05,771 basehttp 17284 18392 "GET /static/web/images/t4.jpg HTTP/1.1" 200 17575
INFO 2021-11-03 21:55:05,780 basehttp 17284 13084 "GET /static/web/images/2.jpg HTTP/1.1" 200 105521
INFO 2021-11-03 21:55:06,233 basehttp 17284 8276 "GET /static/web/images/banner.jpg HTTP/1.1" 200 174095
INFO 2021-11-03 21:55:06,250 basehttp 17284 9072 "GET /static/image/fon.jpg HTTP/1.1" 200 167229
INFO 2021-11-03 21:55:06,257 basehttp 17284 4068 "GET /static/web/images/img-sprite.png HTTP/1.1" 200 3205
INFO 2021-11-03 21:55:06,259 basehttp 17284 14088 "GET /static/web/images/slide1.jpg HTTP/1.1" 200 44860
INFO 2021-11-03 21:55:06,262 basehttp 17284 8288 "GET /static/web/images/loading.gif HTTP/1.1" 200 8476
INFO 2021-11-03 21:55:06,271 basehttp 17284 16648 "GET /static/web/images/close.png HTTP/1.1" 200 280
INFO 2021-11-03 21:55:06,680 basehttp 17284 8488 "GET /static/web/fonts/fontawesome-webfont.woff2?v=4.7.0 HTTP/1.1" 200 71896
INFO 2021-11-03 21:55:06,706 basehttp 17284 15492 "GET /static/web/fonts/glyphicons-halflings-regular.woff2 HTTP/1.1" 200 18028
INFO 2021-11-03 21:55:06,720 basehttp 17284 10324 "GET /static/web/images/sub.jpg HTTP/1.1" 200 346729
WARNING 2021-11-03 21:55:09,881 base 17284 1576 Not Found: /favicon.ico
WARNING 2021-11-03 21:55:09,882 basehttp 17284 1576 "GET /favicon.ico HTTP/1.1" 404 2662
INFO 2021-11-03 22:11:36,788 basehttp 7492 12736 "GET / HTTP/1.1" 200 29544
INFO 2021-11-03 22:11:37,148 basehttp 7492 17324 "GET /static/web/css/font-awesome.css HTTP/1.1" 304 0
INFO 2021-11-03 22:11:37,150 basehttp 7492 21020 "GET /static/web/css/bootstrap.css HTTP/1.1" 304 0
INFO 2021-11-03 22:11:37,152 basehttp 7492 5580 "GET /static/web/css/easy-responsive-tabs.css HTTP/1.1" 304 0
INFO 2021-11-03 22:11:37,182 basehttp 7492 8920 "GET /static/web/css/style.css HTTP/1.1" 304 0
INFO 2021-11-03 22:11:37,201 basehttp 7492 4628 "GET /static/web/css/lightbox.css HTTP/1.1" 304 0
INFO 2021-11-03 22:11:37,214 basehttp 7492 15992 "GET /static/web/js/jquery-2.2.3.min.js HTTP/1.1" 304 0
INFO 2021-11-03 22:11:37,215 basehttp 7492 7472 "GET /static/web/js/lightbox-plus-jquery.min.js HTTP/1.1" 304 0
INFO 2021-11-03 22:11:37,252 basehttp 7492 11664 "GET /static/web/js/easy-responsive-tabs.js HTTP/1.1" 304 0
INFO 2021-11-03 22:11:37,287 basehttp 7492 6276 "GET /static/web/js/index.js HTTP/1.1" 304 0
INFO 2021-11-03 22:11:37,292 basehttp 7492 12996 "GET /static/web/js/jarallax.js HTTP/1.1" 304 0
INFO 2021-11-03 22:11:37,298 basehttp 7492 21236 "GET /static/web/js/SmoothScroll.min.js HTTP/1.1" 304 0
INFO 2021-11-03 22:11:37,307 basehttp 7492 21496 "GET /static/web/js/move-top.js HTTP/1.1" 304 0
INFO 2021-11-03 22:11:37,309 basehttp 7492 19932 "GET /static/web/js/easing.js HTTP/1.1" 304 0
INFO 2021-11-03 22:11:37,310 basehttp 7492 7132 "GET /static/web/js/bootstrap.js HTTP/1.1" 304 0
INFO 2021-11-03 22:11:37,316 basehttp 7492 5868 "GET /static/image/Karta.png HTTP/1.1" 304 0
INFO 2021-11-03 22:11:37,320 basehttp 7492 3376 "GET /static/image/fon2.jpg HTTP/1.1" 304 0
INFO 2021-11-03 22:11:37,322 basehttp 7492 14572 "GET /static/image/068.jpg HTTP/1.1" 304 0
INFO 2021-11-03 22:11:37,332 basehttp 7492 8196 "GET /static/image/k1.jpg HTTP/1.1" 304 0
INFO 2021-11-03 22:11:37,333 basehttp 7492 21080 "GET /static/image/k2.jpg HTTP/1.1" 304 0
INFO 2021-11-03 22:11:37,338 basehttp 7492 480 "GET /static/image/k3.jpg HTTP/1.1" 304 0
INFO 2021-11-03 22:11:37,347 basehttp 7492 21288 "GET /static/image/k4.jpg HTTP/1.1" 304 0
INFO 2021-11-03 22:11:37,356 basehttp 7492 19300 "GET /static/image/k5.jpg HTTP/1.1" 304 0
INFO 2021-11-03 22:11:37,359 basehttp 7492 20512 "GET /static/image/k6.jpg HTTP/1.1" 304 0
INFO 2021-11-03 22:11:37,367 basehttp 7492 15932 "GET /static/image/k7.jpg HTTP/1.1" 304 0
INFO 2021-11-03 22:11:37,371 basehttp 7492 3328 "GET /static/image/k8.jpg HTTP/1.1" 304 0
INFO 2021-11-03 22:11:37,373 basehttp 7492 20968 "GET /static/web/images/g7.jpg HTTP/1.1" 304 0
INFO 2021-11-03 22:11:37,379 basehttp 7492 6908 "GET /static/web/images/g5.jpg HTTP/1.1" 304 0
INFO 2021-11-03 22:11:37,399 basehttp 7492 20084 "GET /static/web/images/t1.jpg HTTP/1.1" 304 0
INFO 2021-11-03 22:11:37,400 basehttp 7492 16272 "GET /static/web/images/t2.jpg HTTP/1.1" 304 0
INFO 2021-11-03 22:11:37,418 basehttp 7492 11672 "GET /static/web/images/t3.jpg HTTP/1.1" 304 0
INFO 2021-11-03 22:11:37,424 basehttp 7492 18276 "GET /static/web/images/t4.jpg HTTP/1.1" 304 0
INFO 2021-11-03 22:11:37,438 basehttp 7492 17032 "GET /static/web/images/2.jpg HTTP/1.1" 304 0
INFO 2021-11-03 22:11:37,447 basehttp 7492 16988 "GET /static/image/fon.jpg HTTP/1.1" 304 0
INFO 2021-11-03 22:11:37,457 basehttp 7492 18928 "GET /static/web/images/banner.jpg HTTP/1.1" 304 0
INFO 2021-11-03 22:11:37,462 basehttp 7492 18004 "GET /static/web/images/slide1.jpg HTTP/1.1" 304 0
INFO 2021-11-03 22:11:37,705 basehttp 7492 16288 "GET /static/web/images/img-sprite.png HTTP/1.1" 304 0
INFO 2021-11-03 22:11:37,709 basehttp 7492 10840 "GET /static/web/images/loading.gif HTTP/1.1" 304 0
INFO 2021-11-03 22:11:37,716 basehttp 7492 20336 "GET /static/web/images/close.png HTTP/1.1" 304 0
INFO 2021-11-03 22:11:37,749 basehttp 7492 21332 "GET /static/web/fonts/fontawesome-webfont.woff2?v=4.7.0 HTTP/1.1" 304 0
INFO 2021-11-03 22:11:37,749 basehttp 7492 13452 "GET /static/web/fonts/glyphicons-halflings-regular.woff2 HTTP/1.1" 304 0
INFO 2021-11-03 22:11:37,900 basehttp 7492 18060 "GET /static/web/images/sub.jpg HTTP/1.1" 304 0
INFO 2021-11-03 22:11:45,615 basehttp 7492 21048 "GET /admin HTTP/1.1" 301 0
INFO 2021-11-03 22:11:45,652 basehttp 7492 14436 "GET /admin/ HTTP/1.1" 302 0
INFO 2021-11-03 22:11:45,715 basehttp 7492 18796 "GET /admin/login/?next=/admin/ HTTP/1.1" 200 1855
INFO 2021-11-03 22:11:45,891 basehttp 7492 7048 "GET /static/admin/css/base.css HTTP/1.1" 200 16106
INFO 2021-11-03 22:11:45,908 basehttp 7492 12984 "GET /static/admin/css/login.css HTTP/1.1" 200 1203
INFO 2021-11-03 22:11:45,916 basehttp 7492 18392 "GET /static/admin/css/responsive.css HTTP/1.1" 200 17894
INFO 2021-11-03 22:11:45,949 basehttp 7492 5656 "GET /static/admin/css/fonts.css HTTP/1.1" 200 423
INFO 2021-11-03 22:11:46,036 basehttp 7492 14212 "GET /static/admin/fonts/Roboto-Regular-webfont.woff HTTP/1.1" 200 80304
INFO 2021-11-03 22:11:46,037 basehttp 7492 972 "GET /static/admin/fonts/Roboto-Light-webfont.woff HTTP/1.1" 200 81348
INFO 2021-11-03 22:13:07,122 basehttp 7492 17444 "POST /admin/login/?next=/admin/ HTTP/1.1" 302 0
INFO 2021-11-03 22:13:07,255 basehttp 7492 15144 "GET /admin/ HTTP/1.1" 200 7793
INFO 2021-11-03 22:13:07,390 basehttp 7492 14716 "GET /static/admin/css/dashboard.css HTTP/1.1" 200 412
INFO 2021-11-03 22:13:07,439 basehttp 7492 3228 "GET /static/admin/img/icon-addlink.svg HTTP/1.1" 200 331
INFO 2021-11-03 22:13:07,441 basehttp 7492 13040 "GET /static/admin/img/icon-changelink.svg HTTP/1.1" 200 380
INFO 2021-11-03 22:13:07,555 basehttp 7492 3168 "GET /static/admin/fonts/Roboto-Bold-webfont.woff HTTP/1.1" 200 82564
INFO 2021-11-03 22:13:14,870 basehttp 7492 8548 "GET /admin/firstpaige/comment/add/ HTTP/1.1" 200 5162
INFO 2021-11-03 22:13:15,005 basehttp 7492 3164 "GET /static/admin/css/forms.css HTTP/1.1" 200 8173
INFO 2021-11-03 22:13:15,022 basehttp 7492 9920 "GET /static/admin/js/jquery.init.js HTTP/1.1" 200 363
INFO 2021-11-03 22:13:15,030 basehttp 7492 9748 "GET /static/admin/js/vendor/jquery/jquery.js HTTP/1.1" 200 258648
INFO 2021-11-03 22:13:15,034 basehttp 7492 18236 "GET /static/admin/js/core.js HTTP/1.1" 200 7134
INFO 2021-11-03 22:13:15,070 basehttp 7492 17588 "GET /static/admin/js/admin/RelatedObjectLookups.js HTTP/1.1" 200 6897
INFO 2021-11-03 22:13:15,095 basehttp 7492 4272 "GET /static/admin/js/actions.js HTTP/1.1" 200 6502
INFO 2021-11-03 22:13:15,119 basehttp 7492 20344 "GET /static/admin/js/urlify.js HTTP/1.1" 200 8729
INFO 2021-11-03 22:13:15,121 basehttp 7492 3108 "GET /static/admin/js/prepopulate.js HTTP/1.1" 200 1538
INFO 2021-11-03 22:13:15,130 basehttp 7492 18080 "GET /static/admin/js/vendor/xregexp/xregexp.js HTTP/1.1" 200 128820
INFO 2021-11-03 22:13:15,134 basehttp 7492 14944 "GET /static/admin/css/widgets.css HTTP/1.1" 200 10340
INFO 2021-11-03 22:13:15,172 basehttp 7492 5404 "GET /static/admin/js/change_form.js HTTP/1.1" 200 712
INFO 2021-11-03 22:13:15,187 basehttp 7492 1996 "GET /static/admin/js/prepopulate_init.js HTTP/1.1" 200 495
INFO 2021-11-03 22:13:15,243 basehttp 7492 20732 "GET /admin/jsi18n/ HTTP/1.1" 200 3185
ERROR 2021-11-03 22:33:50,037 exception 7492 20276 Internal Server Error: /
Traceback (most recent call last):
  File "C:\Users\Àðò¸ì\AppData\Local\Packages\PythonSoftwareFoundation.Python.3.8_qbz5n2kfra8p0\LocalCache\local-packages\Python38\site-packages\django\core\handlers\exception.py", line 35, in inner
    response = get_response(request)
  File "C:\Users\Àðò¸ì\AppData\Local\Packages\PythonSoftwareFoundation.Python.3.8_qbz5n2kfra8p0\LocalCache\local-packages\Python38\site-packages\django\core\handlers\base.py", line 128, in _get_response
    response = self.process_exception_by_middleware(e, request)
  File "C:\Users\Àðò¸ì\AppData\Local\Packages\PythonSoftwareFoundation.Python.3.8_qbz5n2kfra8p0\LocalCache\local-packages\Python38\site-packages\django\core\handlers\base.py", line 126, in _get_response
    response = wrapped_callback(request, *callback_args, **callback_kwargs)
  File "C:\Users\Àðò¸ì\Documents\GitHub\7sem\marshutka\firstpaige\views.py", line 14, in index
    return render(request, 'firstpage.html')
  File "C:\Users\Àðò¸ì\AppData\Local\Packages\PythonSoftwareFoundation.Python.3.8_qbz5n2kfra8p0\LocalCache\local-packages\Python38\site-packages\django\shortcuts.py", line 36, in render
    content = loader.render_to_string(template_name, context, request, using=using)
  File "C:\Users\Àðò¸ì\AppData\Local\Packages\PythonSoftwareFoundation.Python.3.8_qbz5n2kfra8p0\LocalCache\local-packages\Python38\site-packages\django\template\loader.py", line 62, in render_to_string
    return template.render(context, request)
  File "C:\Users\Àðò¸ì\AppData\Local\Packages\PythonSoftwareFoundation.Python.3.8_qbz5n2kfra8p0\LocalCache\local-packages\Python38\site-packages\django\template\backends\django.py", line 61, in render
    return self.template.render(context)
  File "C:\Users\Àðò¸ì\AppData\Local\Packages\PythonSoftwareFoundation.Python.3.8_qbz5n2kfra8p0\LocalCache\local-packages\Python38\site-packages\django\template\base.py", line 175, in render
    return self._render(context)
  File "C:\Users\Àðò¸ì\AppData\Local\Packages\PythonSoftwareFoundation.Python.3.8_qbz5n2kfra8p0\LocalCache\local-packages\Python38\site-packages\django\template\base.py", line 167, in _render
    return self.nodelist.render(context)
  File "C:\Users\Àðò¸ì\AppData\Local\Packages\PythonSoftwareFoundation.Python.3.8_qbz5n2kfra8p0\LocalCache\local-packages\Python38\site-packages\django\template\base.py", line 943, in render
    bit = node.render_annotated(context)
  File "C:\Users\Àðò¸ì\AppData\Local\Packages\PythonSoftwareFoundation.Python.3.8_qbz5n2kfra8p0\LocalCache\local-packages\Python38\site-packages\django\template\base.py", line 910, in render_annotated
    return self.render(context)
  File "C:\Users\Àðò¸ì\AppData\Local\Packages\PythonSoftwareFoundation.Python.3.8_qbz5n2kfra8p0\LocalCache\local-packages\Python38\site-packages\django\template\defaulttags.py", line 314, in render
    return nodelist.render(context)
  File "C:\Users\Àðò¸ì\AppData\Local\Packages\PythonSoftwareFoundation.Python.3.8_qbz5n2kfra8p0\LocalCache\local-packages\Python38\site-packages\django\template\base.py", line 943, in render
    bit = node.render_annotated(context)
  File "C:\Users\Àðò¸ì\AppData\Local\Packages\PythonSoftwareFoundation.Python.3.8_qbz5n2kfra8p0\LocalCache\local-packages\Python38\site-packages\django\template\base.py", line 910, in render_annotated
    return self.render(context)
  File "C:\Users\Àðò¸ì\AppData\Local\Packages\PythonSoftwareFoundation.Python.3.8_qbz5n2kfra8p0\LocalCache\local-packages\Python38\site-packages\django\template\defaulttags.py", line 447, in render
    url = reverse(view_name, args=args, kwargs=kwargs, current_app=current_app)
  File "C:\Users\Àðò¸ì\AppData\Local\Packages\PythonSoftwareFoundation.Python.3.8_qbz5n2kfra8p0\LocalCache\local-packages\Python38\site-packages\django\urls\base.py", line 88, in reverse
    return iri_to_uri(resolver._reverse_with_prefix(view, prefix, *args, **kwargs))
  File "C:\Users\Àðò¸ì\AppData\Local\Packages\PythonSoftwareFoundation.Python.3.8_qbz5n2kfra8p0\LocalCache\local-packages\Python38\site-packages\django\urls\resolvers.py", line 632, in _reverse_with_prefix
    raise NoReverseMatch(msg)
django.urls.exceptions.NoReverseMatch: Reverse for 'userpage' not found. 'userpage' is not a valid view function or pattern name.
ERROR 2021-11-03 22:33:50,416 basehttp 7492 20276 "GET / HTTP/1.1" 500 146527
ERROR 2021-11-03 22:33:57,491 exception 7492 15572 Internal Server Error: /
Traceback (most recent call last):
  File "C:\Users\Àðò¸ì\AppData\Local\Packages\PythonSoftwareFoundation.Python.3.8_qbz5n2kfra8p0\LocalCache\local-packages\Python38\site-packages\django\core\handlers\exception.py", line 35, in inner
    response = get_response(request)
  File "C:\Users\Àðò¸ì\AppData\Local\Packages\PythonSoftwareFoundation.Python.3.8_qbz5n2kfra8p0\LocalCache\local-packages\Python38\site-packages\django\core\handlers\base.py", line 128, in _get_response
    response = self.process_exception_by_middleware(e, request)
  File "C:\Users\Àðò¸ì\AppData\Local\Packages\PythonSoftwareFoundation.Python.3.8_qbz5n2kfra8p0\LocalCache\local-packages\Python38\site-packages\django\core\handlers\base.py", line 126, in _get_response
    response = wrapped_callback(request, *callback_args, **callback_kwargs)
  File "C:\Users\Àðò¸ì\Documents\GitHub\7sem\marshutka\firstpaige\views.py", line 14, in index
    return render(request, 'firstpage.html')
  File "C:\Users\Àðò¸ì\AppData\Local\Packages\PythonSoftwareFoundation.Python.3.8_qbz5n2kfra8p0\LocalCache\local-packages\Python38\site-packages\django\shortcuts.py", line 36, in render
    content = loader.render_to_string(template_name, context, request, using=using)
  File "C:\Users\Àðò¸ì\AppData\Local\Packages\PythonSoftwareFoundation.Python.3.8_qbz5n2kfra8p0\LocalCache\local-packages\Python38\site-packages\django\template\loader.py", line 62, in render_to_string
    return template.render(context, request)
  File "C:\Users\Àðò¸ì\AppData\Local\Packages\PythonSoftwareFoundation.Python.3.8_qbz5n2kfra8p0\LocalCache\local-packages\Python38\site-packages\django\template\backends\django.py", line 61, in render
    return self.template.render(context)
  File "C:\Users\Àðò¸ì\AppData\Local\Packages\PythonSoftwareFoundation.Python.3.8_qbz5n2kfra8p0\LocalCache\local-packages\Python38\site-packages\django\template\base.py", line 175, in render
    return self._render(context)
  File "C:\Users\Àðò¸ì\AppData\Local\Packages\PythonSoftwareFoundation.Python.3.8_qbz5n2kfra8p0\LocalCache\local-packages\Python38\site-packages\django\template\base.py", line 167, in _render
    return self.nodelist.render(context)
  File "C:\Users\Àðò¸ì\AppData\Local\Packages\PythonSoftwareFoundation.Python.3.8_qbz5n2kfra8p0\LocalCache\local-packages\Python38\site-packages\django\template\base.py", line 943, in render
    bit = node.render_annotated(context)
  File "C:\Users\Àðò¸ì\AppData\Local\Packages\PythonSoftwareFoundation.Python.3.8_qbz5n2kfra8p0\LocalCache\local-packages\Python38\site-packages\django\template\base.py", line 910, in render_annotated
    return self.render(context)
  File "C:\Users\Àðò¸ì\AppData\Local\Packages\PythonSoftwareFoundation.Python.3.8_qbz5n2kfra8p0\LocalCache\local-packages\Python38\site-packages\django\template\defaulttags.py", line 314, in render
    return nodelist.render(context)
  File "C:\Users\Àðò¸ì\AppData\Local\Packages\PythonSoftwareFoundation.Python.3.8_qbz5n2kfra8p0\LocalCache\local-packages\Python38\site-packages\django\template\base.py", line 943, in render
    bit = node.render_annotated(context)
  File "C:\Users\Àðò¸ì\AppData\Local\Packages\PythonSoftwareFoundation.Python.3.8_qbz5n2kfra8p0\LocalCache\local-packages\Python38\site-packages\django\template\base.py", line 910, in render_annotated
    return self.render(context)
  File "C:\Users\Àðò¸ì\AppData\Local\Packages\PythonSoftwareFoundation.Python.3.8_qbz5n2kfra8p0\LocalCache\local-packages\Python38\site-packages\django\template\defaulttags.py", line 447, in render
    url = reverse(view_name, args=args, kwargs=kwargs, current_app=current_app)
  File "C:\Users\Àðò¸ì\AppData\Local\Packages\PythonSoftwareFoundation.Python.3.8_qbz5n2kfra8p0\LocalCache\local-packages\Python38\site-packages\django\urls\base.py", line 88, in reverse
    return iri_to_uri(resolver._reverse_with_prefix(view, prefix, *args, **kwargs))
  File "C:\Users\Àðò¸ì\AppData\Local\Packages\PythonSoftwareFoundation.Python.3.8_qbz5n2kfra8p0\LocalCache\local-packages\Python38\site-packages\django\urls\resolvers.py", line 632, in _reverse_with_prefix
    raise NoReverseMatch(msg)
django.urls.exceptions.NoReverseMatch: Reverse for 'userpage' not found. 'userpage' is not a valid view function or pattern name.
ERROR 2021-11-03 22:33:57,614 basehttp 7492 15572 "GET / HTTP/1.1" 500 146662
INFO 2021-11-03 22:34:15,523 basehttp 7492 14960 "GET /admin/firstpaige/comment/add/ HTTP/1.1" 200 5162
INFO 2021-11-03 22:34:15,993 basehttp 7492 17976 "GET /static/admin/css/forms.css HTTP/1.1" 304 0
INFO 2021-11-03 22:34:16,011 basehttp 7492 14900 "GET /static/admin/js/vendor/jquery/jquery.js HTTP/1.1" 304 0
INFO 2021-11-03 22:34:16,035 basehttp 7492 19868 "GET /static/admin/css/base.css HTTP/1.1" 304 0
INFO 2021-11-03 22:34:16,037 basehttp 7492 14008 "GET /static/admin/css/responsive.css HTTP/1.1" 304 0
INFO 2021-11-03 22:34:16,058 basehttp 7492 9300 "GET /static/admin/js/jquery.init.js HTTP/1.1" 304 0
INFO 2021-11-03 22:34:16,071 basehttp 7492 6584 "GET /static/admin/css/widgets.css HTTP/1.1" 304 0
INFO 2021-11-03 22:34:16,092 basehttp 7492 17224 "GET /static/admin/js/core.js HTTP/1.1" 304 0
INFO 2021-11-03 22:34:16,102 basehttp 7492 1328 "GET /static/admin/js/actions.js HTTP/1.1" 304 0
INFO 2021-11-03 22:34:16,118 basehttp 7492 17428 "GET /static/admin/css/fonts.css HTTP/1.1" 304 0
INFO 2021-11-03 22:34:16,123 basehttp 7492 3160 "GET /static/admin/js/admin/RelatedObjectLookups.js HTTP/1.1" 304 0
INFO 2021-11-03 22:34:16,123 basehttp 7492 4824 "GET /static/admin/js/prepopulate.js HTTP/1.1" 304 0
INFO 2021-11-03 22:34:16,136 basehttp 7492 17092 "GET /static/admin/js/vendor/xregexp/xregexp.js HTTP/1.1" 304 0
INFO 2021-11-03 22:34:16,139 basehttp 7492 7060 "GET /static/admin/js/urlify.js HTTP/1.1" 304 0
INFO 2021-11-03 22:34:16,156 basehttp 7492 20164 "GET /static/admin/js/change_form.js HTTP/1.1" 304 0
INFO 2021-11-03 22:34:16,168 basehttp 7492 10152 "GET /static/admin/js/prepopulate_init.js HTTP/1.1" 304 0
INFO 2021-11-03 22:34:16,185 basehttp 7492 10112 "GET /static/admin/img/icon-changelink.svg HTTP/1.1" 304 0
INFO 2021-11-03 22:34:16,219 basehttp 7492 9348 "GET /static/admin/img/icon-addlink.svg HTTP/1.1" 304 0
INFO 2021-11-03 22:34:16,272 basehttp 7492 13592 "GET /admin/jsi18n/ HTTP/1.1" 200 3185
INFO 2021-11-03 22:34:16,273 basehttp 7492 14876 "GET /admin/ HTTP/1.1" 200 7793
INFO 2021-11-03 22:34:16,695 basehttp 7492 10412 "GET /admin/login/?next=/admin/ HTTP/1.1" 302 0
INFO 2021-11-03 22:34:16,897 basehttp 7492 5052 "GET /admin/ HTTP/1.1" 200 7793
ERROR 2021-11-03 22:34:47,263 exception 7492 13416 Internal Server Error: /
Traceback (most recent call last):
  File "C:\Users\Àðò¸ì\AppData\Local\Packages\PythonSoftwareFoundation.Python.3.8_qbz5n2kfra8p0\LocalCache\local-packages\Python38\site-packages\django\core\handlers\exception.py", line 35, in inner
    response = get_response(request)
  File "C:\Users\Àðò¸ì\AppData\Local\Packages\PythonSoftwareFoundation.Python.3.8_qbz5n2kfra8p0\LocalCache\local-packages\Python38\site-packages\django\core\handlers\base.py", line 128, in _get_response
    response = self.process_exception_by_middleware(e, request)
  File "C:\Users\Àðò¸ì\AppData\Local\Packages\PythonSoftwareFoundation.Python.3.8_qbz5n2kfra8p0\LocalCache\local-packages\Python38\site-packages\django\core\handlers\base.py", line 126, in _get_response
    response = wrapped_callback(request, *callback_args, **callback_kwargs)
  File "C:\Users\Àðò¸ì\Documents\GitHub\7sem\marshutka\firstpaige\views.py", line 14, in index
    return render(request, 'firstpage.html')
  File "C:\Users\Àðò¸ì\AppData\Local\Packages\PythonSoftwareFoundation.Python.3.8_qbz5n2kfra8p0\LocalCache\local-packages\Python38\site-packages\django\shortcuts.py", line 36, in render
    content = loader.render_to_string(template_name, context, request, using=using)
  File "C:\Users\Àðò¸ì\AppData\Local\Packages\PythonSoftwareFoundation.Python.3.8_qbz5n2kfra8p0\LocalCache\local-packages\Python38\site-packages\django\template\loader.py", line 62, in render_to_string
    return template.render(context, request)
  File "C:\Users\Àðò¸ì\AppData\Local\Packages\PythonSoftwareFoundation.Python.3.8_qbz5n2kfra8p0\LocalCache\local-packages\Python38\site-packages\django\template\backends\django.py", line 61, in render
    return self.template.render(context)
  File "C:\Users\Àðò¸ì\AppData\Local\Packages\PythonSoftwareFoundation.Python.3.8_qbz5n2kfra8p0\LocalCache\local-packages\Python38\site-packages\django\template\base.py", line 175, in render
    return self._render(context)
  File "C:\Users\Àðò¸ì\AppData\Local\Packages\PythonSoftwareFoundation.Python.3.8_qbz5n2kfra8p0\LocalCache\local-packages\Python38\site-packages\django\template\base.py", line 167, in _render
    return self.nodelist.render(context)
  File "C:\Users\Àðò¸ì\AppData\Local\Packages\PythonSoftwareFoundation.Python.3.8_qbz5n2kfra8p0\LocalCache\local-packages\Python38\site-packages\django\template\base.py", line 943, in render
    bit = node.render_annotated(context)
  File "C:\Users\Àðò¸ì\AppData\Local\Packages\PythonSoftwareFoundation.Python.3.8_qbz5n2kfra8p0\LocalCache\local-packages\Python38\site-packages\django\template\base.py", line 910, in render_annotated
    return self.render(context)
  File "C:\Users\Àðò¸ì\AppData\Local\Packages\PythonSoftwareFoundation.Python.3.8_qbz5n2kfra8p0\LocalCache\local-packages\Python38\site-packages\django\template\defaulttags.py", line 314, in render
    return nodelist.render(context)
  File "C:\Users\Àðò¸ì\AppData\Local\Packages\PythonSoftwareFoundation.Python.3.8_qbz5n2kfra8p0\LocalCache\local-packages\Python38\site-packages\django\template\base.py", line 943, in render
    bit = node.render_annotated(context)
  File "C:\Users\Àðò¸ì\AppData\Local\Packages\PythonSoftwareFoundation.Python.3.8_qbz5n2kfra8p0\LocalCache\local-packages\Python38\site-packages\django\template\base.py", line 910, in render_annotated
    return self.render(context)
  File "C:\Users\Àðò¸ì\AppData\Local\Packages\PythonSoftwareFoundation.Python.3.8_qbz5n2kfra8p0\LocalCache\local-packages\Python38\site-packages\django\template\defaulttags.py", line 447, in render
    url = reverse(view_name, args=args, kwargs=kwargs, current_app=current_app)
  File "C:\Users\Àðò¸ì\AppData\Local\Packages\PythonSoftwareFoundation.Python.3.8_qbz5n2kfra8p0\LocalCache\local-packages\Python38\site-packages\django\urls\base.py", line 88, in reverse
    return iri_to_uri(resolver._reverse_with_prefix(view, prefix, *args, **kwargs))
  File "C:\Users\Àðò¸ì\AppData\Local\Packages\PythonSoftwareFoundation.Python.3.8_qbz5n2kfra8p0\LocalCache\local-packages\Python38\site-packages\django\urls\resolvers.py", line 632, in _reverse_with_prefix
    raise NoReverseMatch(msg)
django.urls.exceptions.NoReverseMatch: Reverse for '' not found. '' is not a valid view function or pattern name.
ERROR 2021-11-03 22:34:47,342 basehttp 7492 13416 "GET / HTTP/1.1" 500 146500
INFO 2021-11-03 22:35:12,068 basehttp 7492 18728 "GET / HTTP/1.1" 200 29611
INFO 2021-11-03 22:35:12,220 basehttp 7492 16716 "GET /static/web/css/bootstrap.css HTTP/1.1" 304 0
INFO 2021-11-03 22:35:12,254 basehttp 7492 18708 "GET /static/web/css/easy-responsive-tabs.css HTTP/1.1" 304 0
INFO 2021-11-03 22:35:12,261 basehttp 7492 13884 "GET /static/web/css/font-awesome.css HTTP/1.1" 304 0
INFO 2021-11-03 22:35:12,264 basehttp 7492 2832 "GET /static/web/css/lightbox.css HTTP/1.1" 304 0
INFO 2021-11-03 22:35:12,276 basehttp 7492 18488 "GET /static/web/js/jquery-2.2.3.min.js HTTP/1.1" 304 0
INFO 2021-11-03 22:35:12,278 basehttp 7492 8280 "GET /static/web/css/style.css HTTP/1.1" 304 0
INFO 2021-11-03 22:35:12,306 basehttp 7492 19220 "GET /static/web/js/lightbox-plus-jquery.min.js HTTP/1.1" 304 0
INFO 2021-11-03 22:35:12,333 basehttp 7492 17084 "GET /static/web/js/easy-responsive-tabs.js HTTP/1.1" 304 0
INFO 2021-11-03 22:35:12,363 basehttp 7492 5812 "GET /static/web/js/index.js HTTP/1.1" 304 0
INFO 2021-11-03 22:35:12,373 basehttp 7492 2380 "GET /static/web/js/jarallax.js HTTP/1.1" 304 0
INFO 2021-11-03 22:35:12,383 basehttp 7492 6304 "GET /static/web/js/SmoothScroll.min.js HTTP/1.1" 304 0
INFO 2021-11-03 22:35:12,384 basehttp 7492 12988 "GET /static/web/js/move-top.js HTTP/1.1" 304 0
INFO 2021-11-03 22:35:12,385 basehttp 7492 15024 "GET /static/web/js/bootstrap.js HTTP/1.1" 304 0
INFO 2021-11-03 22:35:12,402 basehttp 7492 18128 "GET /static/web/js/easing.js HTTP/1.1" 304 0
INFO 2021-11-03 22:35:12,404 basehttp 7492 17268 "GET /static/image/Karta.png HTTP/1.1" 304 0
INFO 2021-11-03 22:35:12,413 basehttp 7492 13716 "GET /static/image/fon2.jpg HTTP/1.1" 304 0
INFO 2021-11-03 22:35:12,414 basehttp 7492 14628 "GET /static/image/068.jpg HTTP/1.1" 304 0
INFO 2021-11-03 22:35:12,417 basehttp 7492 11620 "GET /static/image/k1.jpg HTTP/1.1" 304 0
INFO 2021-11-03 22:35:12,420 basehttp 7492 14184 "GET /static/image/k2.jpg HTTP/1.1" 304 0
INFO 2021-11-03 22:35:12,427 basehttp 7492 20188 "GET /static/image/k3.jpg HTTP/1.1" 304 0
INFO 2021-11-03 22:35:12,437 basehttp 7492 8988 "GET /static/image/k4.jpg HTTP/1.1" 304 0
INFO 2021-11-03 22:35:12,444 basehttp 7492 15788 "GET /static/image/k5.jpg HTTP/1.1" 304 0
INFO 2021-11-03 22:35:12,450 basehttp 7492 17924 "GET /static/image/k6.jpg HTTP/1.1" 304 0
INFO 2021-11-03 22:35:12,455 basehttp 7492 12192 "GET /static/image/k7.jpg HTTP/1.1" 304 0
INFO 2021-11-03 22:35:12,456 basehttp 7492 16980 "GET /static/image/k8.jpg HTTP/1.1" 304 0
INFO 2021-11-03 22:35:12,460 basehttp 7492 21360 "GET /static/web/images/g7.jpg HTTP/1.1" 304 0
INFO 2021-11-03 22:35:12,467 basehttp 7492 1228 "GET /static/web/images/t1.jpg HTTP/1.1" 304 0
INFO 2021-11-03 22:35:12,472 basehttp 7492 2460 "GET /static/web/images/g5.jpg HTTP/1.1" 304 0
INFO 2021-11-03 22:35:12,496 basehttp 7492 12236 "GET /static/web/images/t2.jpg HTTP/1.1" 304 0
INFO 2021-11-03 22:35:12,498 basehttp 7492 4532 "GET /static/web/images/2.jpg HTTP/1.1" 304 0
INFO 2021-11-03 22:35:12,501 basehttp 7492 20336 "GET /static/web/images/t4.jpg HTTP/1.1" 304 0
INFO 2021-11-03 22:35:12,514 basehttp 7492 11504 "GET /static/web/images/t3.jpg HTTP/1.1" 304 0
INFO 2021-11-03 22:35:12,515 basehttp 7492 16116 "GET /static/image/fon.jpg HTTP/1.1" 304 0
INFO 2021-11-03 22:35:12,527 basehttp 7492 15056 "GET /static/web/images/banner.jpg HTTP/1.1" 304 0
INFO 2021-11-03 22:35:12,528 basehttp 7492 2776 "GET /static/web/images/slide1.jpg HTTP/1.1" 304 0
INFO 2021-11-03 22:35:12,719 basehttp 7492 15660 "GET /static/web/images/img-sprite.png HTTP/1.1" 304 0
INFO 2021-11-03 22:35:12,720 basehttp 7492 18092 "GET /static/web/images/loading.gif HTTP/1.1" 304 0
INFO 2021-11-03 22:35:12,722 basehttp 7492 17204 "GET /static/web/images/close.png HTTP/1.1" 304 0
INFO 2021-11-03 22:35:12,781 basehttp 7492 6264 "GET /static/web/fonts/fontawesome-webfont.woff2?v=4.7.0 HTTP/1.1" 304 0
INFO 2021-11-03 22:35:12,782 basehttp 7492 10764 "GET /static/web/fonts/glyphicons-halflings-regular.woff2 HTTP/1.1" 304 0
INFO 2021-11-03 22:35:12,942 basehttp 7492 6548 "GET /static/web/images/sub.jpg HTTP/1.1" 304 0
INFO 2021-11-03 22:35:14,221 basehttp 7492 20312 "GET /static/web/images/move-up.png HTTP/1.1" 200 3407
INFO 2021-11-03 22:37:10,964 basehttp 7492 11144 "GET / HTTP/1.1" 200 29623
INFO 2021-11-03 22:42:28,982 basehttp 7492 10660 "GET / HTTP/1.1" 200 29727
INFO 2021-11-03 22:45:37,803 basehttp 7492 6632 "GET / HTTP/1.1" 200 30034
ERROR 2021-11-03 22:45:45,276 exception 7492 19060 Internal Server Error: /
Traceback (most recent call last):
  File "C:\Users\Àðò¸ì\AppData\Local\Packages\PythonSoftwareFoundation.Python.3.8_qbz5n2kfra8p0\LocalCache\local-packages\Python38\site-packages\django\utils\datastructures.py", line 77, in __getitem__
    list_ = super().__getitem__(key)
KeyError: 'Name'

During handling of the above exception, another exception occurred:

Traceback (most recent call last):
  File "C:\Users\Àðò¸ì\AppData\Local\Packages\PythonSoftwareFoundation.Python.3.8_qbz5n2kfra8p0\LocalCache\local-packages\Python38\site-packages\django\core\handlers\exception.py", line 35, in inner
    response = get_response(request)
  File "C:\Users\Àðò¸ì\AppData\Local\Packages\PythonSoftwareFoundation.Python.3.8_qbz5n2kfra8p0\LocalCache\local-packages\Python38\site-packages\django\core\handlers\base.py", line 128, in _get_response
    response = self.process_exception_by_middleware(e, request)
  File "C:\Users\Àðò¸ì\AppData\Local\Packages\PythonSoftwareFoundation.Python.3.8_qbz5n2kfra8p0\LocalCache\local-packages\Python38\site-packages\django\core\handlers\base.py", line 126, in _get_response
    response = wrapped_callback(request, *callback_args, **callback_kwargs)
  File "C:\Users\Àðò¸ì\Documents\GitHub\7sem\marshutka\firstpaige\views.py", line 8, in index
    message = 'Èìÿ ïîëüçîâàòåëÿ: ' + request.POST['Name'] + '\n' + request.POST['message'] + '\n' + 'Email äëÿ ñâÿçè: ' + request.POST['Email']
  File "C:\Users\Àðò¸ì\AppData\Local\Packages\PythonSoftwareFoundation.Python.3.8_qbz5n2kfra8p0\LocalCache\local-packages\Python38\site-packages\django\utils\datastructures.py", line 79, in __getitem__
    raise MultiValueDictKeyError(key)
django.utils.datastructures.MultiValueDictKeyError: 'Name'
ERROR 2021-11-03 22:45:45,816 basehttp 7492 19060 "POST / HTTP/1.1" 500 81019
INFO 2021-11-03 22:52:37,972 basehttp 4364 18128 "GET /static/web/images/move-up.png HTTP/1.1" 304 0
INFO 2021-11-03 22:52:38,080 basehttp 4364 17700 "GET / HTTP/1.1" 200 30054
INFO 2021-11-03 22:52:38,338 basehttp 4364 9228 "GET /static/web/css/bootstrap.css HTTP/1.1" 304 0
INFO 2021-11-03 22:52:38,388 basehttp 4364 6544 "GET /static/web/css/easy-responsive-tabs.css HTTP/1.1" 304 0
INFO 2021-11-03 22:52:38,473 basehttp 4364 9064 "GET /static/web/css/font-awesome.css HTTP/1.1" 304 0
INFO 2021-11-03 22:52:38,501 basehttp 4364 5820 "GET /static/web/css/lightbox.css HTTP/1.1" 304 0
INFO 2021-11-03 22:52:38,507 basehttp 4364 10284 "GET /static/web/css/style.css HTTP/1.1" 304 0
INFO 2021-11-03 22:52:38,509 basehttp 4364 19224 "GET /static/web/js/jquery-2.2.3.min.js HTTP/1.1" 304 0
INFO 2021-11-03 22:52:38,525 basehttp 4364 2096 "GET /static/web/js/lightbox-plus-jquery.min.js HTTP/1.1" 304 0
INFO 2021-11-03 22:52:38,535 basehttp 4364 3988 "GET /static/web/js/easy-responsive-tabs.js HTTP/1.1" 304 0
INFO 2021-11-03 22:52:38,600 basehttp 4364 15040 "GET /static/web/js/index.js HTTP/1.1" 304 0
INFO 2021-11-03 22:52:38,617 basehttp 4364 8800 "GET /static/web/js/jarallax.js HTTP/1.1" 304 0
INFO 2021-11-03 22:52:38,617 basehttp 4364 10980 "GET /static/web/js/SmoothScroll.min.js HTTP/1.1" 304 0
INFO 2021-11-03 22:52:38,625 basehttp 4364 16520 "GET /static/web/js/move-top.js HTTP/1.1" 304 0
INFO 2021-11-03 22:52:38,634 basehttp 4364 9908 "GET /static/web/js/easing.js HTTP/1.1" 304 0
INFO 2021-11-03 22:52:38,651 basehttp 4364 8212 "GET /static/web/js/bootstrap.js HTTP/1.1" 304 0
INFO 2021-11-03 22:52:38,651 basehttp 4364 18108 "GET /static/image/Karta.png HTTP/1.1" 304 0
INFO 2021-11-03 22:52:38,655 basehttp 4364 3952 "GET /static/image/fon2.jpg HTTP/1.1" 304 0
INFO 2021-11-03 22:52:38,656 basehttp 4364 20556 "GET /static/image/068.jpg HTTP/1.1" 304 0
INFO 2021-11-03 22:52:38,666 basehttp 4364 940 "GET /static/image/k1.jpg HTTP/1.1" 304 0
INFO 2021-11-03 22:52:38,676 basehttp 4364 8612 "GET /static/image/k2.jpg HTTP/1.1" 304 0
INFO 2021-11-03 22:52:38,691 basehttp 4364 6556 "GET /static/image/k3.jpg HTTP/1.1" 304 0
INFO 2021-11-03 22:52:38,694 basehttp 4364 4372 "GET /static/image/k6.jpg HTTP/1.1" 304 0
INFO 2021-11-03 22:52:38,694 basehttp 4364 17936 "GET /static/image/k4.jpg HTTP/1.1" 304 0
INFO 2021-11-03 22:52:38,696 basehttp 4364 12400 "GET /static/image/k5.jpg HTTP/1.1" 304 0
INFO 2021-11-03 22:52:38,702 basehttp 4364 10836 "GET /static/image/k7.jpg HTTP/1.1" 304 0
INFO 2021-11-03 22:52:38,711 basehttp 4364 7060 "GET /static/image/k8.jpg HTTP/1.1" 304 0
INFO 2021-11-03 22:52:38,712 basehttp 4364 15480 "GET /static/web/images/g7.jpg HTTP/1.1" 304 0
INFO 2021-11-03 22:52:38,717 basehttp 4364 16612 "GET /static/web/images/g5.jpg HTTP/1.1" 304 0
INFO 2021-11-03 22:52:38,731 basehttp 4364 2060 "GET /static/web/images/t1.jpg HTTP/1.1" 304 0
INFO 2021-11-03 22:52:38,732 basehttp 4364 20696 "GET /static/web/images/t2.jpg HTTP/1.1" 304 0
INFO 2021-11-03 22:52:38,742 basehttp 4364 18692 "GET /static/web/images/t3.jpg HTTP/1.1" 304 0
INFO 2021-11-03 22:52:38,744 basehttp 4364 1428 "GET /static/web/images/t4.jpg HTTP/1.1" 304 0
INFO 2021-11-03 22:52:38,747 basehttp 4364 11492 "GET /static/web/images/2.jpg HTTP/1.1" 304 0
INFO 2021-11-03 22:52:38,755 basehttp 4364 18708 "GET /static/web/images/slide1.jpg HTTP/1.1" 304 0
INFO 2021-11-03 22:52:38,756 basehttp 4364 8916 "GET /static/image/fon.jpg HTTP/1.1" 304 0
INFO 2021-11-03 22:52:38,775 basehttp 4364 16972 "GET /static/web/fonts/fontawesome-webfont.woff2?v=4.7.0 HTTP/1.1" 304 0
INFO 2021-11-03 22:52:38,775 basehttp 4364 8556 "GET /static/web/images/banner.jpg HTTP/1.1" 304 0
INFO 2021-11-03 22:52:38,778 basehttp 4364 5300 "GET /static/web/fonts/glyphicons-halflings-regular.woff2 HTTP/1.1" 304 0
INFO 2021-11-03 22:52:38,866 basehttp 4364 10072 "GET /static/web/images/img-sprite.png HTTP/1.1" 304 0
INFO 2021-11-03 22:52:38,872 basehttp 4364 20772 "GET /static/web/images/loading.gif HTTP/1.1" 304 0
INFO 2021-11-03 22:52:38,878 basehttp 4364 1580 "GET /static/web/images/close.png HTTP/1.1" 304 0
INFO 2021-11-03 22:52:39,085 basehttp 4364 20336 "GET /static/web/images/sub.jpg HTTP/1.1" 304 0
INFO 2021-11-03 22:52:44,084 basehttp 4364 16976 "POST / HTTP/1.1" 200 30054
INFO 2021-11-03 22:53:07,822 basehttp 4364 6016 "POST / HTTP/1.1" 200 30043
INFO 2021-11-03 22:53:13,797 basehttp 4364 20916 "POST / HTTP/1.1" 200 30043
WARNING 2021-11-03 22:53:45,183 basehttp 4364 18000 "GET /static/web/js/lightbox-plus-jquery.min.map HTTP/1.1" 404 1729
WARNING 2021-11-03 22:53:45,322 basehttp 4364 12208 "GET /static/web/css/bootstrap.css.map HTTP/1.1" 404 1699
INFO 2021-11-03 22:53:54,039 basehttp 4364 1632 "POST / HTTP/1.1" 200 30043
WARNING 2021-11-03 22:53:55,180 basehttp 4364 20004 "GET /static/web/css/bootstrap.css.map HTTP/1.1" 404 1699
WARNING 2021-11-03 22:53:55,195 basehttp 4364 16056 "GET /static/web/js/lightbox-plus-jquery.min.map HTTP/1.1" 404 1729
INFO 2021-11-03 22:54:45,571 basehttp 4364 16096 "GET / HTTP/1.1" 200 29669
INFO 2021-11-03 22:54:46,014 basehttp 4364 1652 "GET /static/web/css/bootstrap.css HTTP/1.1" 200 148206
INFO 2021-11-03 22:54:46,025 basehttp 4364 19748 "GET /static/web/css/easy-responsive-tabs.css HTTP/1.1" 200 4900
INFO 2021-11-03 22:54:46,067 basehttp 4364 8324 "GET /static/web/css/style.css HTTP/1.1" 200 48255
INFO 2021-11-03 22:54:46,069 basehttp 4364 10560 "GET /static/web/css/font-awesome.css HTTP/1.1" 200 39751
INFO 2021-11-03 22:54:46,082 basehttp 4364 19604 "GET /static/web/css/lightbox.css HTTP/1.1" 200 4272
INFO 2021-11-03 22:54:46,082 basehttp 4364 11208 "GET /static/web/js/jquery-2.2.3.min.js HTTP/1.1" 200 85663
INFO 2021-11-03 22:54:46,155 basehttp 4364 11300 "GET /static/web/js/lightbox-plus-jquery.min.js HTTP/1.1" 200 93114
INFO 2021-11-03 22:54:46,155 basehttp 4364 12036 "GET /static/web/js/easy-responsive-tabs.js HTTP/1.1" 200 6612
INFO 2021-11-03 22:54:46,167 basehttp 4364 13456 "GET /static/web/js/index.js HTTP/1.1" 200 782
INFO 2021-11-03 22:54:46,182 basehttp 4364 19804 "GET /static/web/js/jarallax.js HTTP/1.1" 200 15150
INFO 2021-11-03 22:54:46,185 basehttp 4364 1784 "GET /static/web/js/move-top.js HTTP/1.1" 200 1335
INFO 2021-11-03 22:54:46,185 basehttp 4364 13968 "GET /static/web/js/SmoothScroll.min.js HTTP/1.1" 200 14245
INFO 2021-11-03 22:54:46,200 basehttp 4364 12100 "GET /static/web/js/easing.js HTTP/1.1" 200 4900
INFO 2021-11-03 22:54:46,204 basehttp 4364 21348 "GET /static/web/js/bootstrap.js HTTP/1.1" 200 69863
INFO 2021-11-03 22:54:46,204 basehttp 4364 8436 "GET /static/image/Karta.png HTTP/1.1" 200 62421
INFO 2021-11-03 22:54:46,215 basehttp 4364 8288 "GET /static/image/fon2.jpg HTTP/1.1" 200 74078
INFO 2021-11-03 22:54:46,220 basehttp 4364 21048 "GET /static/image/068.jpg HTTP/1.1" 200 45056
INFO 2021-11-03 22:54:46,232 basehttp 4364 5932 "GET /static/image/k1.jpg HTTP/1.1" 200 42550
INFO 2021-11-03 22:54:46,234 basehttp 4364 5928 "GET /static/image/k2.jpg HTTP/1.1" 200 72384
INFO 2021-11-03 22:54:46,249 basehttp 4364 20864 "GET /static/image/k3.jpg HTTP/1.1" 200 69452
INFO 2021-11-03 22:54:46,253 basehttp 4364 15940 "GET /static/image/k4.jpg HTTP/1.1" 200 41708
INFO 2021-11-03 22:54:46,255 basehttp 4364 19796 "GET /static/image/k5.jpg HTTP/1.1" 200 61646
INFO 2021-11-03 22:54:46,270 basehttp 4364 21352 "GET /static/image/k6.jpg HTTP/1.1" 200 53135
INFO 2021-11-03 22:54:46,276 basehttp 4364 16620 "GET /static/image/k7.jpg HTTP/1.1" 200 68268
INFO 2021-11-03 22:54:46,286 basehttp 4364 19612 "GET /static/image/k8.jpg HTTP/1.1" 200 72895
INFO 2021-11-03 22:54:46,300 basehttp 4364 7480 "GET /static/web/images/g7.jpg HTTP/1.1" 200 35325
INFO 2021-11-03 22:54:46,306 basehttp 4364 6632 "GET /static/web/images/g5.jpg HTTP/1.1" 200 57411
INFO 2021-11-03 22:54:46,314 basehttp 4364 13568 "GET /static/web/images/t1.jpg HTTP/1.1" 200 14593
INFO 2021-11-03 22:54:46,321 basehttp 4364 20504 "GET /static/web/images/t2.jpg HTTP/1.1" 200 11516
INFO 2021-11-03 22:54:46,326 basehttp 4364 10140 "GET /static/web/images/t3.jpg HTTP/1.1" 200 83507
INFO 2021-11-03 22:54:46,336 basehttp 4364 9172 "GET /static/web/images/t4.jpg HTTP/1.1" 200 17575
INFO 2021-11-03 22:54:46,354 basehttp 4364 11760 "GET /static/web/images/2.jpg HTTP/1.1" 200 105521
INFO 2021-11-03 22:54:46,379 basehttp 4364 9780 "GET /static/image/fon.jpg HTTP/1.1" 200 167229
INFO 2021-11-03 22:54:46,379 basehttp 4364 18648 "GET /static/web/images/slide1.jpg HTTP/1.1" 200 44860
INFO 2021-11-03 22:54:46,385 basehttp 4364 16272 "GET /static/web/images/banner.jpg HTTP/1.1" 200 174095
INFO 2021-11-03 22:54:46,697 basehttp 4364 3176 "GET /static/web/fonts/fontawesome-webfont.woff2?v=4.7.0 HTTP/1.1" 200 71896
INFO 2021-11-03 22:54:46,698 basehttp 4364 13468 "GET /static/web/fonts/glyphicons-halflings-regular.woff2 HTTP/1.1" 200 18028
INFO 2021-11-03 22:54:46,781 basehttp 4364 14628 "GET /static/web/images/img-sprite.png HTTP/1.1" 200 3205
INFO 2021-11-03 22:54:46,791 basehttp 4364 6608 "GET /static/web/images/loading.gif HTTP/1.1" 200 8476
INFO 2021-11-03 22:54:46,809 basehttp 4364 20356 "GET /static/web/images/close.png HTTP/1.1" 200 280
INFO 2021-11-03 22:54:47,086 basehttp 4364 19060 "GET /static/web/images/sub.jpg HTTP/1.1" 200 346729
INFO 2021-11-03 22:54:48,587 basehttp 4364 20192 "GET /static/web/images/move-up.png HTTP/1.1" 200 3407
INFO 2021-11-03 22:54:58,170 basehttp 4364 18724 "GET /marshrutka/ HTTP/1.1" 302 0
INFO 2021-11-03 22:54:58,182 basehttp 4364 19884 "GET /marshrutka/login?next=/marshrutka/ HTTP/1.1" 301 0
INFO 2021-11-03 22:54:58,350 basehttp 4364 12580 "GET /marshrutka/login/?next=/marshrutka/ HTTP/1.1" 200 2658
INFO 2021-11-03 22:54:58,499 basehttp 4364 12912 "GET /static/css/bootstrap-theme.css HTTP/1.1" 200 22944
INFO 2021-11-03 22:54:58,515 basehttp 4364 16488 "GET /static/css/bootstrap.css HTTP/1.1" 200 143399
INFO 2021-11-03 22:54:58,528 basehttp 4364 19552 "GET /static/css/font-awesome.css HTTP/1.1" 200 22996
INFO 2021-11-03 22:54:58,540 basehttp 4364 21332 "GET /static/css/animate.css HTTP/1.1" 200 64656
INFO 2021-11-03 22:54:58,546 basehttp 4364 6616 "GET /static/css/main.css HTTP/1.1" 200 35081
INFO 2021-11-03 22:54:58,551 basehttp 4364 8180 "GET /static/js/dateFormat.js HTTP/1.1" 200 4695
INFO 2021-11-03 22:54:58,565 basehttp 4364 9732 "GET /static/css/materialize.css HTTP/1.1" 200 204746
INFO 2021-11-03 22:54:58,566 basehttp 4364 12332 "GET /static/js/bootstrap.js HTTP/1.1" 200 68089
INFO 2021-11-03 22:54:58,579 basehttp 4364 2340 "GET /static/js/materialize.js HTTP/1.1" 200 274453
INFO 2021-11-03 22:54:58,586 basehttp 4364 19760 "GET /static/js/jquery-3.3.1.js HTTP/1.1" 200 282115
INFO 2021-11-03 22:54:58,685 basehttp 4364 15888 "GET /static/fon.jpg HTTP/1.1" 200 189788
INFO 2021-11-03 22:55:06,613 basehttp 4364 12924 "POST /marshrutka/login/?next=/marshrutka/ HTTP/1.1" 302 0
INFO 2021-11-03 22:55:06,759 basehttp 4364 15908 "GET /marshrutka/ HTTP/1.1" 200 4094
INFO 2021-11-03 22:55:08,901 basehttp 4364 19100 "GET / HTTP/1.1" 200 30043
INFO 2021-11-03 22:55:13,378 basehttp 4364 9356 "POST / HTTP/1.1" 200 30043
INFO 2021-11-03 22:57:39,762 basehttp 4364 18372 "POST / HTTP/1.1" 200 30023
INFO 2021-11-03 22:57:45,582 basehttp 4364 4856 "POST / HTTP/1.1" 200 30023
INFO 2021-11-03 22:58:22,190 basehttp 4364 17644 "POST / HTTP/1.1" 200 30108
INFO 2021-11-03 22:58:28,624 basehttp 4364 18216 "POST / HTTP/1.1" 200 30108
WARNING 2021-11-03 22:59:12,412 csrf 4364 19100 Forbidden (CSRF cookie not set.): /
WARNING 2021-11-03 22:59:12,428 basehttp 4364 19100 "POST / HTTP/1.1" 403 2868
WARNING 2021-11-03 22:59:14,639 csrf 4364 15464 Forbidden (CSRF cookie not set.): /
WARNING 2021-11-03 22:59:14,646 basehttp 4364 15464 "POST / HTTP/1.1" 403 2868
INFO 2021-11-03 22:59:18,670 basehttp 4364 6928 "GET / HTTP/1.1" 200 29669
INFO 2021-11-03 22:59:18,852 basehttp 4364 19980 "GET /static/web/css/bootstrap.css HTTP/1.1" 200 148206
INFO 2021-11-03 22:59:18,869 basehttp 4364 18712 "GET /static/web/css/easy-responsive-tabs.css HTTP/1.1" 200 4900
INFO 2021-11-03 22:59:18,871 basehttp 4364 2832 "GET /static/web/css/font-awesome.css HTTP/1.1" 200 39751
INFO 2021-11-03 22:59:18,874 basehttp 4364 8860 "GET /static/web/css/lightbox.css HTTP/1.1" 200 4272
INFO 2021-11-03 22:59:18,892 basehttp 4364 19840 "GET /static/web/css/style.css HTTP/1.1" 200 48255
INFO 2021-11-03 22:59:18,936 basehttp 4364 8484 "GET /static/web/js/jquery-2.2.3.min.js HTTP/1.1" 200 85663
INFO 2021-11-03 22:59:19,003 basehttp 4364 1608 "GET /static/web/js/easy-responsive-tabs.js HTTP/1.1" 200 6612
INFO 2021-11-03 22:59:19,004 basehttp 4364 16436 "GET /static/web/js/index.js HTTP/1.1" 200 782
INFO 2021-11-03 22:59:19,007 basehttp 4364 2264 "GET /static/web/js/lightbox-plus-jquery.min.js HTTP/1.1" 200 93114
INFO 2021-11-03 22:59:19,018 basehttp 4364 2152 "GET /static/web/js/jarallax.js HTTP/1.1" 200 15150
INFO 2021-11-03 22:59:19,038 basehttp 4364 14768 "GET /static/web/js/SmoothScroll.min.js HTTP/1.1" 200 14245
INFO 2021-11-03 22:59:19,041 basehttp 4364 12512 "GET /static/web/js/move-top.js HTTP/1.1" 200 1335
INFO 2021-11-03 22:59:19,047 basehttp 4364 13564 "GET /static/web/js/easing.js HTTP/1.1" 200 4900
INFO 2021-11-03 22:59:19,054 basehttp 4364 20796 "GET /static/web/js/bootstrap.js HTTP/1.1" 200 69863
INFO 2021-11-03 22:59:19,068 basehttp 4364 10108 "GET /static/image/Karta.png HTTP/1.1" 200 62421
INFO 2021-11-03 22:59:19,069 basehttp 4364 18588 "GET /static/image/fon2.jpg HTTP/1.1" 200 74078
INFO 2021-11-03 22:59:19,076 basehttp 4364 1960 "GET /static/image/068.jpg HTTP/1.1" 200 45056
INFO 2021-11-03 22:59:19,095 basehttp 4364 13512 "GET /static/image/k1.jpg HTTP/1.1" 200 42550
INFO 2021-11-03 22:59:19,099 basehttp 4364 14596 "GET /static/image/k2.jpg HTTP/1.1" 200 72384
INFO 2021-11-03 22:59:19,115 basehttp 4364 5800 "GET /static/image/k3.jpg HTTP/1.1" 200 69452
INFO 2021-11-03 22:59:19,134 basehttp 4364 8844 "GET /static/image/k4.jpg HTTP/1.1" 200 41708
INFO 2021-11-03 22:59:19,145 basehttp 4364 11892 "GET /static/image/k5.jpg HTTP/1.1" 200 61646
INFO 2021-11-03 22:59:19,152 basehttp 4364 19488 "GET /static/image/k6.jpg HTTP/1.1" 200 53135
INFO 2021-11-03 22:59:19,166 basehttp 4364 14900 "GET /static/image/k7.jpg HTTP/1.1" 200 68268
INFO 2021-11-03 22:59:19,178 basehttp 4364 20576 "GET /static/image/k8.jpg HTTP/1.1" 200 72895
INFO 2021-11-03 22:59:19,199 basehttp 4364 18948 "GET /static/web/images/g7.jpg HTTP/1.1" 200 35325
INFO 2021-11-03 22:59:19,218 basehttp 4364 7820 "GET /static/web/images/g5.jpg HTTP/1.1" 200 57411
INFO 2021-11-03 22:59:19,226 basehttp 4364 17220 "GET /static/web/images/t1.jpg HTTP/1.1" 200 14593
INFO 2021-11-03 22:59:19,250 basehttp 4364 16184 "GET /static/web/images/t2.jpg HTTP/1.1" 200 11516
INFO 2021-11-03 22:59:19,283 basehttp 4364 3256 "GET /static/web/images/t3.jpg HTTP/1.1" 200 83507
INFO 2021-11-03 22:59:19,295 basehttp 4364 20196 "GET /static/web/images/t4.jpg HTTP/1.1" 200 17575
INFO 2021-11-03 22:59:19,339 basehttp 4364 14152 "GET /static/web/images/2.jpg HTTP/1.1" 200 105521
INFO 2021-11-03 22:59:19,399 basehttp 4364 7912 "GET /static/image/fon.jpg HTTP/1.1" 200 167229
INFO 2021-11-03 22:59:19,451 basehttp 4364 16204 "GET /static/web/images/banner.jpg HTTP/1.1" 200 174095
INFO 2021-11-03 22:59:19,477 basehttp 4364 6552 "GET /static/web/images/slide1.jpg HTTP/1.1" 200 44860
INFO 2021-11-03 22:59:19,498 basehttp 4364 1612 "GET /static/web/fonts/fontawesome-webfont.woff2?v=4.7.0 HTTP/1.1" 200 71896
INFO 2021-11-03 22:59:19,531 basehttp 4364 11144 "GET /static/web/fonts/glyphicons-halflings-regular.woff2 HTTP/1.1" 200 18028
INFO 2021-11-03 22:59:19,580 basehttp 4364 10424 "GET /static/web/images/img-sprite.png HTTP/1.1" 200 3205
INFO 2021-11-03 22:59:19,589 basehttp 4364 8624 "GET /static/web/images/loading.gif HTTP/1.1" 200 8476
INFO 2021-11-03 22:59:19,600 basehttp 4364 9796 "GET /static/web/images/close.png HTTP/1.1" 200 280
INFO 2021-11-03 22:59:19,635 basehttp 4364 15732 "GET /static/web/images/sub.jpg HTTP/1.1" 200 346729
INFO 2021-11-03 22:59:20,375 basehttp 4364 12080 "GET /static/web/images/move-up.png HTTP/1.1" 200 3407
INFO 2021-11-03 22:59:35,399 basehttp 4364 2364 "GET /marshrutka/ HTTP/1.1" 302 0
INFO 2021-11-03 22:59:35,411 basehttp 4364 12984 "GET /marshrutka/login?next=/marshrutka/ HTTP/1.1" 301 0
INFO 2021-11-03 22:59:35,540 basehttp 4364 13716 "GET /marshrutka/login/?next=/marshrutka/ HTTP/1.1" 200 2658
INFO 2021-11-03 22:59:35,762 basehttp 4364 6604 "GET /static/css/bootstrap-theme.css HTTP/1.1" 200 22944
INFO 2021-11-03 22:59:35,777 basehttp 4364 12980 "GET /static/css/font-awesome.css HTTP/1.1" 200 22996
INFO 2021-11-03 22:59:35,785 basehttp 4364 21144 "GET /static/css/bootstrap.css HTTP/1.1" 200 143399
INFO 2021-11-03 22:59:35,786 basehttp 4364 3356 "GET /static/css/animate.css HTTP/1.1" 200 64656
INFO 2021-11-03 22:59:35,790 basehttp 4364 10916 "GET /static/css/main.css HTTP/1.1" 200 35081
INFO 2021-11-03 22:59:35,793 basehttp 4364 10412 "GET /static/css/materialize.css HTTP/1.1" 200 204746
INFO 2021-11-03 22:59:35,815 basehttp 4364 9812 "GET /static/js/jquery-3.3.1.js HTTP/1.1" 200 282115
INFO 2021-11-03 22:59:35,834 basehttp 4364 21496 "GET /static/js/dateFormat.js HTTP/1.1" 200 4695
INFO 2021-11-03 22:59:35,850 basehttp 4364 14216 "GET /static/js/bootstrap.js HTTP/1.1" 200 68089
INFO 2021-11-03 22:59:35,891 basehttp 4364 7684 "GET /static/js/materialize.js HTTP/1.1" 200 274453
INFO 2021-11-03 22:59:35,972 basehttp 4364 8136 "GET /static/fon.jpg HTTP/1.1" 200 189788
INFO 2021-11-03 22:59:45,731 basehttp 4364 13464 "POST /marshrutka/login/?next=/marshrutka/ HTTP/1.1" 302 0
INFO 2021-11-03 22:59:45,857 basehttp 4364 11504 "GET /marshrutka/ HTTP/1.1" 200 4094
INFO 2021-11-03 22:59:48,087 basehttp 4364 6056 "GET / HTTP/1.1" 200 30108
INFO 2021-11-03 22:59:56,109 basehttp 4364 3304 "POST / HTTP/1.1" 200 30108
ERROR 2021-11-03 23:00:14,655 exception 4364 9584 Internal Server Error: /
Traceback (most recent call last):
  File "C:\Users\Àðò¸ì\AppData\Local\Packages\PythonSoftwareFoundation.Python.3.8_qbz5n2kfra8p0\LocalCache\local-packages\Python38\site-packages\django\core\handlers\exception.py", line 35, in inner
    response = get_response(request)
  File "C:\Users\Àðò¸ì\AppData\Local\Packages\PythonSoftwareFoundation.Python.3.8_qbz5n2kfra8p0\LocalCache\local-packages\Python38\site-packages\django\core\handlers\base.py", line 128, in _get_response
    response = self.process_exception_by_middleware(e, request)
  File "C:\Users\Àðò¸ì\AppData\Local\Packages\PythonSoftwareFoundation.Python.3.8_qbz5n2kfra8p0\LocalCache\local-packages\Python38\site-packages\django\core\handlers\base.py", line 126, in _get_response
    response = wrapped_callback(request, *callback_args, **callback_kwargs)
  File "C:\Users\Àðò¸ì\Documents\GitHub\7sem\marshutka\firstpaige\views.py", line 12, in index
    send_mail('Novolukoml_Minsk',
  File "C:\Users\Àðò¸ì\AppData\Local\Packages\PythonSoftwareFoundation.Python.3.8_qbz5n2kfra8p0\LocalCache\local-packages\Python38\site-packages\django\core\mail\__init__.py", line 60, in send_mail
    return mail.send()
  File "C:\Users\Àðò¸ì\AppData\Local\Packages\PythonSoftwareFoundation.Python.3.8_qbz5n2kfra8p0\LocalCache\local-packages\Python38\site-packages\django\core\mail\message.py", line 294, in send
    return self.get_connection(fail_silently).send_messages([self])
  File "C:\Users\Àðò¸ì\AppData\Local\Packages\PythonSoftwareFoundation.Python.3.8_qbz5n2kfra8p0\LocalCache\local-packages\Python38\site-packages\django\core\mail\backends\smtp.py", line 103, in send_messages
    new_conn_created = self.open()
  File "C:\Users\Àðò¸ì\AppData\Local\Packages\PythonSoftwareFoundation.Python.3.8_qbz5n2kfra8p0\LocalCache\local-packages\Python38\site-packages\django\core\mail\backends\smtp.py", line 70, in open
    self.connection.login(self.username, self.password)
  File "C:\Program Files\WindowsApps\PythonSoftwareFoundation.Python.3.8_3.8.2800.0_x64__qbz5n2kfra8p0\lib\smtplib.py", line 743, in login
    raise last_exception
  File "C:\Program Files\WindowsApps\PythonSoftwareFoundation.Python.3.8_3.8.2800.0_x64__qbz5n2kfra8p0\lib\smtplib.py", line 732, in login
    (code, resp) = self.auth(
  File "C:\Program Files\WindowsApps\PythonSoftwareFoundation.Python.3.8_3.8.2800.0_x64__qbz5n2kfra8p0\lib\smtplib.py", line 655, in auth
    raise SMTPAuthenticationError(code, resp)
smtplib.SMTPAuthenticationError: (535, b'5.7.8 Error: authentication failed: Invalid user or password! 1635969614-NcDhH7aTd8-0Exi8ogs')
ERROR 2021-11-03 23:00:14,880 basehttp 4364 9584 "POST / HTTP/1.1" 500 107830
WARNING 2021-11-03 23:01:17,699 basehttp 4364 13176 "GET /static/web/js/lightbox-plus-jquery.min.map HTTP/1.1" 404 1729
WARNING 2021-11-03 23:01:17,813 basehttp 4364 18132 "GET /static/web/css/bootstrap.css.map HTTP/1.1" 404 1699
INFO 2021-11-03 23:12:25,217 basehttp 20028 15312 "GET / HTTP/1.1" 200 30108
INFO 2021-11-03 23:12:25,575 basehttp 20028 17576 "GET /static/web/css/easy-responsive-tabs.css HTTP/1.1" 304 0
INFO 2021-11-03 23:12:25,579 basehttp 20028 2480 "GET /static/web/css/bootstrap.css HTTP/1.1" 304 0
INFO 2021-11-03 23:12:25,583 basehttp 20028 18168 "GET /static/web/css/font-awesome.css HTTP/1.1" 304 0
INFO 2021-11-03 23:12:25,591 basehttp 20028 18552 "GET /static/web/css/lightbox.css HTTP/1.1" 304 0
INFO 2021-11-03 23:12:25,640 basehttp 20028 6744 "GET /static/web/css/style.css HTTP/1.1" 304 0
INFO 2021-11-03 23:12:25,682 basehttp 20028 20112 "GET /static/web/js/lightbox-plus-jquery.min.js HTTP/1.1" 304 0
INFO 2021-11-03 23:12:25,682 basehttp 20028 7156 "GET /static/web/js/jquery-2.2.3.min.js HTTP/1.1" 304 0
INFO 2021-11-03 23:12:25,719 basehttp 20028 20232 "GET /static/web/js/easy-responsive-tabs.js HTTP/1.1" 304 0
INFO 2021-11-03 23:12:25,799 basehttp 20028 10800 "GET /static/web/js/index.js HTTP/1.1" 304 0
INFO 2021-11-03 23:12:25,814 basehttp 20028 13724 "GET /static/web/js/SmoothScroll.min.js HTTP/1.1" 304 0
INFO 2021-11-03 23:12:25,814 basehttp 20028 2148 "GET /static/web/js/jarallax.js HTTP/1.1" 304 0
INFO 2021-11-03 23:12:25,826 basehttp 20028 18220 "GET /static/web/js/move-top.js HTTP/1.1" 304 0
INFO 2021-11-03 23:12:25,852 basehttp 20028 21360 "GET /static/web/js/easing.js HTTP/1.1" 304 0
INFO 2021-11-03 23:12:25,864 basehttp 20028 16084 "GET /static/web/js/bootstrap.js HTTP/1.1" 304 0
INFO 2021-11-03 23:12:25,868 basehttp 20028 15940 "GET /static/image/Karta.png HTTP/1.1" 304 0
INFO 2021-11-03 23:12:25,905 basehttp 20028 6840 "GET /static/image/068.jpg HTTP/1.1" 304 0
INFO 2021-11-03 23:12:25,910 basehttp 20028 4012 "GET /static/image/fon2.jpg HTTP/1.1" 304 0
INFO 2021-11-03 23:12:25,925 basehttp 20028 10788 "GET /static/image/k1.jpg HTTP/1.1" 304 0
INFO 2021-11-03 23:12:25,935 basehttp 20028 17372 "GET /static/image/k2.jpg HTTP/1.1" 304 0
INFO 2021-11-03 23:12:25,939 basehttp 20028 21048 "GET /static/image/k3.jpg HTTP/1.1" 304 0
INFO 2021-11-03 23:12:25,948 basehttp 20028 20456 "GET /static/image/k4.jpg HTTP/1.1" 304 0
INFO 2021-11-03 23:12:25,977 basehttp 20028 1184 "GET /static/image/k5.jpg HTTP/1.1" 304 0
INFO 2021-11-03 23:12:25,985 basehttp 20028 19052 "GET /static/image/k6.jpg HTTP/1.1" 304 0
INFO 2021-11-03 23:12:25,999 basehttp 20028 12672 "GET /static/image/k8.jpg HTTP/1.1" 304 0
INFO 2021-11-03 23:12:26,006 basehttp 20028 5808 "GET /static/image/k7.jpg HTTP/1.1" 304 0
INFO 2021-11-03 23:12:26,010 basehttp 20028 2380 "GET /static/web/images/g5.jpg HTTP/1.1" 304 0
INFO 2021-11-03 23:12:26,011 basehttp 20028 20468 "GET /static/web/images/g7.jpg HTTP/1.1" 304 0
INFO 2021-11-03 23:12:26,015 basehttp 20028 12148 "GET /static/web/images/t1.jpg HTTP/1.1" 304 0
INFO 2021-11-03 23:12:26,020 basehttp 20028 19632 "GET /static/web/images/t2.jpg HTTP/1.1" 304 0
INFO 2021-11-03 23:12:26,042 basehttp 20028 1644 "GET /static/web/images/t3.jpg HTTP/1.1" 304 0
INFO 2021-11-03 23:12:26,044 basehttp 20028 21284 "GET /static/web/images/t4.jpg HTTP/1.1" 304 0
INFO 2021-11-03 23:12:26,048 basehttp 20028 15912 "GET /static/image/fon.jpg HTTP/1.1" 304 0
INFO 2021-11-03 23:12:26,048 basehttp 20028 8388 "GET /static/web/images/2.jpg HTTP/1.1" 304 0
INFO 2021-11-03 23:12:26,051 basehttp 20028 18520 "GET /static/web/images/banner.jpg HTTP/1.1" 304 0
INFO 2021-11-03 23:12:26,051 basehttp 20028 20608 "GET /static/web/images/slide1.jpg HTTP/1.1" 304 0
INFO 2021-11-03 23:12:26,188 basehttp 20028 17048 "GET /static/web/images/img-sprite.png HTTP/1.1" 304 0
INFO 2021-11-03 23:12:26,189 basehttp 20028 14212 "GET /static/web/images/loading.gif HTTP/1.1" 304 0
INFO 2021-11-03 23:12:26,193 basehttp 20028 19872 "GET /static/web/images/close.png HTTP/1.1" 304 0
INFO 2021-11-03 23:12:26,229 basehttp 20028 20292 "GET /static/web/fonts/fontawesome-webfont.woff2?v=4.7.0 HTTP/1.1" 304 0
INFO 2021-11-03 23:12:26,232 basehttp 20028 5132 "GET /static/web/fonts/glyphicons-halflings-regular.woff2 HTTP/1.1" 304 0
INFO 2021-11-03 23:12:26,488 basehttp 20028 7684 "GET /static/web/images/sub.jpg HTTP/1.1" 304 0
INFO 2021-11-03 23:12:27,485 basehttp 20028 20092 "GET /static/web/images/move-up.png HTTP/1.1" 304 0
INFO 2021-11-03 23:12:38,248 basehttp 20028 21316 "GET /admin HTTP/1.1" 301 0
INFO 2021-11-03 23:12:38,554 basehttp 20028 11152 "GET /admin/ HTTP/1.1" 200 7793
INFO 2021-11-03 23:12:38,668 basehttp 20028 17936 "GET /static/admin/css/base.css HTTP/1.1" 200 16106
INFO 2021-11-03 23:12:38,673 basehttp 20028 21380 "GET /static/admin/css/dashboard.css HTTP/1.1" 200 412
INFO 2021-11-03 23:12:38,675 basehttp 20028 18588 "GET /static/admin/css/responsive.css HTTP/1.1" 200 17894
INFO 2021-11-03 23:12:38,689 basehttp 20028 1640 "GET /static/admin/css/fonts.css HTTP/1.1" 200 423
INFO 2021-11-03 23:12:38,708 basehttp 20028 10476 "GET /static/admin/img/icon-addlink.svg HTTP/1.1" 200 331
INFO 2021-11-03 23:12:38,709 basehttp 20028 18872 "GET /static/admin/img/icon-changelink.svg HTTP/1.1" 200 380
INFO 2021-11-03 23:12:38,814 basehttp 20028 1288 "GET /static/admin/fonts/Roboto-Light-webfont.woff HTTP/1.1" 200 81348
INFO 2021-11-03 23:12:38,852 basehttp 20028 4372 "GET /static/admin/fonts/Roboto-Bold-webfont.woff HTTP/1.1" 200 82564
INFO 2021-11-03 23:12:38,864 basehttp 20028 18488 "GET /static/admin/fonts/Roboto-Regular-webfont.woff HTTP/1.1" 200 80304
INFO 2021-11-03 23:12:41,194 basehttp 20028 12332 "GET /admin/firstpaige/comment/add/ HTTP/1.1" 200 5162
INFO 2021-11-03 23:12:41,343 basehttp 20028 16688 "GET /static/admin/css/forms.css HTTP/1.1" 200 8173
INFO 2021-11-03 23:12:41,354 basehttp 20028 11636 "GET /static/admin/js/core.js HTTP/1.1" 200 7134
INFO 2021-11-03 23:12:41,372 basehttp 20028 5580 "GET /static/admin/js/jquery.init.js HTTP/1.1" 200 363
INFO 2021-11-03 23:12:41,381 basehttp 20028 14156 "GET /static/admin/js/vendor/jquery/jquery.js HTTP/1.1" 200 258648
INFO 2021-11-03 23:12:41,395 basehttp 20028 2340 "GET /static/admin/js/admin/RelatedObjectLookups.js HTTP/1.1" 200 6897
INFO 2021-11-03 23:12:41,414 basehttp 20028 19780 "GET /static/admin/js/urlify.js HTTP/1.1" 200 8729
INFO 2021-11-03 23:12:41,416 basehttp 20028 11852 "GET /static/admin/css/widgets.css HTTP/1.1" 200 10340
INFO 2021-11-03 23:12:41,438 basehttp 20028 16616 "GET /static/admin/js/prepopulate.js HTTP/1.1" 200 1538
INFO 2021-11-03 23:12:41,440 basehttp 20028 3556 "GET /static/admin/js/actions.js HTTP/1.1" 200 6502
INFO 2021-11-03 23:12:41,441 basehttp 20028 12192 "GET /static/admin/js/vendor/xregexp/xregexp.js HTTP/1.1" 200 128820
INFO 2021-11-03 23:12:41,460 basehttp 20028 7760 "GET /static/admin/js/change_form.js HTTP/1.1" 200 712
INFO 2021-11-03 23:12:41,473 basehttp 20028 4820 "GET /static/admin/js/prepopulate_init.js HTTP/1.1" 200 495
INFO 2021-11-03 23:12:41,536 basehttp 20028 10028 "GET /admin/jsi18n/ HTTP/1.1" 200 3185
INFO 2021-11-03 23:12:48,620 basehttp 20028 21280 "POST /admin/firstpaige/comment/add/ HTTP/1.1" 302 0
INFO 2021-11-03 23:12:48,817 basehttp 20028 896 "GET /admin/firstpaige/comment/1/change/ HTTP/1.1" 200 5606
INFO 2021-11-03 23:12:49,055 basehttp 20028 20564 "GET /admin/jsi18n/ HTTP/1.1" 200 3185
INFO 2021-11-03 23:12:49,111 basehttp 20028 10260 "GET /static/admin/img/icon-yes.svg HTTP/1.1" 200 436
INFO 2021-11-03 23:12:51,514 basehttp 20028 8440 "GET /admin/firstpaige/comment/add/ HTTP/1.1" 200 5162
INFO 2021-11-03 23:12:52,514 basehttp 20028 17812 "GET /admin/ HTTP/1.1" 200 8115
INFO 2021-11-03 23:13:02,153 basehttp 20028 5584 "GET / HTTP/1.1" 200 30578
INFO 2021-11-03 23:14:04,630 basehttp 20028 8288 "GET / HTTP/1.1" 200 30249
INFO 2021-11-03 23:14:19,943 basehttp 20028 7252 "GET / HTTP/1.1" 200 30235
ERROR 2021-11-03 23:21:12,308 exception 18184 17936 Internal Server Error: /
Traceback (most recent call last):
  File "C:\Users\Àðò¸ì\AppData\Local\Packages\PythonSoftwareFoundation.Python.3.8_qbz5n2kfra8p0\LocalCache\local-packages\Python38\site-packages\django\core\handlers\exception.py", line 35, in inner
    response = get_response(request)
  File "C:\Users\Àðò¸ì\AppData\Local\Packages\PythonSoftwareFoundation.Python.3.8_qbz5n2kfra8p0\LocalCache\local-packages\Python38\site-packages\django\core\handlers\base.py", line 128, in _get_response
    response = self.process_exception_by_middleware(e, request)
  File "C:\Users\Àðò¸ì\AppData\Local\Packages\PythonSoftwareFoundation.Python.3.8_qbz5n2kfra8p0\LocalCache\local-packages\Python38\site-packages\django\core\handlers\base.py", line 126, in _get_response
    response = wrapped_callback(request, *callback_args, **callback_kwargs)
  File "C:\Users\Àðò¸ì\Documents\GitHub\7sem\marshutka\firstpaige\views.py", line 18, in index
    send_mail('Novolukoml_Minsk',
  File "C:\Users\Àðò¸ì\AppData\Local\Packages\PythonSoftwareFoundation.Python.3.8_qbz5n2kfra8p0\LocalCache\local-packages\Python38\site-packages\django\core\mail\__init__.py", line 60, in send_mail
    return mail.send()
  File "C:\Users\Àðò¸ì\AppData\Local\Packages\PythonSoftwareFoundation.Python.3.8_qbz5n2kfra8p0\LocalCache\local-packages\Python38\site-packages\django\core\mail\message.py", line 294, in send
    return self.get_connection(fail_silently).send_messages([self])
  File "C:\Users\Àðò¸ì\AppData\Local\Packages\PythonSoftwareFoundation.Python.3.8_qbz5n2kfra8p0\LocalCache\local-packages\Python38\site-packages\django\core\mail\backends\smtp.py", line 103, in send_messages
    new_conn_created = self.open()
  File "C:\Users\Àðò¸ì\AppData\Local\Packages\PythonSoftwareFoundation.Python.3.8_qbz5n2kfra8p0\LocalCache\local-packages\Python38\site-packages\django\core\mail\backends\smtp.py", line 70, in open
    self.connection.login(self.username, self.password)
  File "C:\Program Files\WindowsApps\PythonSoftwareFoundation.Python.3.8_3.8.2800.0_x64__qbz5n2kfra8p0\lib\smtplib.py", line 743, in login
    raise last_exception
  File "C:\Program Files\WindowsApps\PythonSoftwareFoundation.Python.3.8_3.8.2800.0_x64__qbz5n2kfra8p0\lib\smtplib.py", line 732, in login
    (code, resp) = self.auth(
  File "C:\Program Files\WindowsApps\PythonSoftwareFoundation.Python.3.8_3.8.2800.0_x64__qbz5n2kfra8p0\lib\smtplib.py", line 655, in auth
    raise SMTPAuthenticationError(code, resp)
smtplib.SMTPAuthenticationError: (535, b'5.7.8 Error: authentication failed: Invalid user or password! 1635970872-gXGWzzS1rx-LBVCUH2x')
ERROR 2021-11-03 23:21:12,688 basehttp 18184 17936 "POST / HTTP/1.1" 500 107849
WARNING 2021-11-03 23:21:15,692 base 18184 18488 Not Found: /n
WARNING 2021-11-03 23:21:15,692 basehttp 18184 18488 "GET /n HTTP/1.1" 404 2632
INFO 2021-11-03 23:21:20,250 basehttp 18184 10260 "GET / HTTP/1.1" 200 30234
INFO 2021-11-03 23:21:20,422 basehttp 18184 17204 "GET /static/web/css/bootstrap.css HTTP/1.1" 304 0
INFO 2021-11-03 23:21:20,472 basehttp 18184 1328 "GET /static/web/css/easy-responsive-tabs.css HTTP/1.1" 304 0
INFO 2021-11-03 23:21:20,490 basehttp 18184 17972 "GET /static/web/css/font-awesome.css HTTP/1.1" 304 0
INFO 2021-11-03 23:21:20,496 basehttp 18184 10036 "GET /static/web/css/lightbox.css HTTP/1.1" 304 0
INFO 2021-11-03 23:21:20,503 basehttp 18184 636 "GET /static/web/css/style.css HTTP/1.1" 304 0
INFO 2021-11-03 23:21:20,517 basehttp 18184 3472 "GET /static/web/js/jquery-2.2.3.min.js HTTP/1.1" 304 0
INFO 2021-11-03 23:21:20,537 basehttp 18184 13048 "GET /static/web/js/lightbox-plus-jquery.min.js HTTP/1.1" 304 0
INFO 2021-11-03 23:21:20,589 basehttp 18184 324 "GET /static/web/js/easy-responsive-tabs.js HTTP/1.1" 304 0
INFO 2021-11-03 23:21:20,612 basehttp 18184 18760 "GET /static/web/js/index.js HTTP/1.1" 304 0
INFO 2021-11-03 23:21:20,627 basehttp 18184 15572 "GET /static/web/js/jarallax.js HTTP/1.1" 304 0
INFO 2021-11-03 23:21:20,628 basehttp 18184 11664 "GET /static/web/js/SmoothScroll.min.js HTTP/1.1" 304 0
INFO 2021-11-03 23:21:20,636 basehttp 18184 13364 "GET /static/web/js/move-top.js HTTP/1.1" 304 0
INFO 2021-11-03 23:21:20,651 basehttp 18184 18220 "GET /static/web/js/bootstrap.js HTTP/1.1" 304 0
INFO 2021-11-03 23:21:20,651 basehttp 18184 21040 "GET /static/web/js/easing.js HTTP/1.1" 304 0
INFO 2021-11-03 23:21:20,662 basehttp 18184 5524 "GET /static/image/Karta.png HTTP/1.1" 304 0
INFO 2021-11-03 23:21:20,673 basehttp 18184 8184 "GET /static/image/fon2.jpg HTTP/1.1" 304 0
INFO 2021-11-03 23:21:20,684 basehttp 18184 7508 "GET /static/image/068.jpg HTTP/1.1" 304 0
INFO 2021-11-03 23:21:20,694 basehttp 18184 19020 "GET /static/image/k1.jpg HTTP/1.1" 304 0
INFO 2021-11-03 23:21:20,712 basehttp 18184 5504 "GET /static/image/k2.jpg HTTP/1.1" 304 0
INFO 2021-11-03 23:21:20,723 basehttp 18184 8972 "GET /static/image/k3.jpg HTTP/1.1" 304 0
INFO 2021-11-03 23:21:20,759 basehttp 18184 18188 "GET /static/image/k4.jpg HTTP/1.1" 304 0
INFO 2021-11-03 23:21:20,771 basehttp 18184 16604 "GET /static/image/k5.jpg HTTP/1.1" 304 0
INFO 2021-11-03 23:21:20,778 basehttp 18184 11152 "GET /static/image/k6.jpg HTTP/1.1" 304 0
INFO 2021-11-03 23:21:20,789 basehttp 18184 20580 "GET /static/image/k7.jpg HTTP/1.1" 304 0
INFO 2021-11-03 23:21:20,814 basehttp 18184 10396 "GET /static/image/k8.jpg HTTP/1.1" 304 0
INFO 2021-11-03 23:21:20,825 basehttp 18184 18784 "GET /static/web/images/g7.jpg HTTP/1.1" 304 0
INFO 2021-11-03 23:21:20,826 basehttp 18184 972 "GET /static/web/images/g5.jpg HTTP/1.1" 304 0
INFO 2021-11-03 23:21:20,839 basehttp 18184 19788 "GET /static/image/fon.jpg HTTP/1.1" 304 0
INFO 2021-11-03 23:21:20,841 basehttp 18184 876 "GET /static/web/images/t1.jpg HTTP/1.1" 304 0
INFO 2021-11-03 23:21:20,849 basehttp 18184 9348 "GET /static/web/images/t2.jpg HTTP/1.1" 304 0
INFO 2021-11-03 23:21:20,859 basehttp 18184 20464 "GET /static/web/images/t3.jpg HTTP/1.1" 304 0
INFO 2021-11-03 23:21:20,867 basehttp 18184 6224 "GET /static/web/images/t4.jpg HTTP/1.1" 304 0
INFO 2021-11-03 23:21:20,868 basehttp 18184 10028 "GET /static/web/images/2.jpg HTTP/1.1" 304 0
INFO 2021-11-03 23:21:20,876 basehttp 18184 19544 "GET /static/web/images/banner.jpg HTTP/1.1" 304 0
INFO 2021-11-03 23:21:20,888 basehttp 18184 17780 "GET /static/web/fonts/fontawesome-webfont.woff2?v=4.7.0 HTTP/1.1" 304 0
INFO 2021-11-03 23:21:20,889 basehttp 18184 12912 "GET /static/web/images/slide1.jpg HTTP/1.1" 304 0
INFO 2021-11-03 23:21:20,896 basehttp 18184 16592 "GET /static/web/fonts/glyphicons-halflings-regular.woff2 HTTP/1.1" 304 0
INFO 2021-11-03 23:21:21,020 basehttp 18184 8340 "GET /static/web/images/img-sprite.png HTTP/1.1" 304 0
INFO 2021-11-03 23:21:21,022 basehttp 18184 20816 "GET /static/web/images/loading.gif HTTP/1.1" 304 0
INFO 2021-11-03 23:21:21,023 basehttp 18184 15044 "GET /static/web/images/close.png HTTP/1.1" 304 0
INFO 2021-11-03 23:21:21,195 basehttp 18184 18060 "GET /static/web/images/sub.jpg HTTP/1.1" 304 0
INFO 2021-11-03 23:21:21,888 basehttp 18184 7060 "GET /static/web/images/move-up.png HTTP/1.1" 304 0
ERROR 2021-11-03 23:21:27,670 exception 18184 12208 Internal Server Error: /
Traceback (most recent call last):
  File "C:\Users\Àðò¸ì\AppData\Local\Packages\PythonSoftwareFoundation.Python.3.8_qbz5n2kfra8p0\LocalCache\local-packages\Python38\site-packages\django\core\handlers\exception.py", line 35, in inner
    response = get_response(request)
  File "C:\Users\Àðò¸ì\AppData\Local\Packages\PythonSoftwareFoundation.Python.3.8_qbz5n2kfra8p0\LocalCache\local-packages\Python38\site-packages\django\core\handlers\base.py", line 128, in _get_response
    response = self.process_exception_by_middleware(e, request)
  File "C:\Users\Àðò¸ì\AppData\Local\Packages\PythonSoftwareFoundation.Python.3.8_qbz5n2kfra8p0\LocalCache\local-packages\Python38\site-packages\django\core\handlers\base.py", line 126, in _get_response
    response = wrapped_callback(request, *callback_args, **callback_kwargs)
  File "C:\Users\Àðò¸ì\Documents\GitHub\7sem\marshutka\firstpaige\views.py", line 13, in index
    comment.user = 'test'
  File "C:\Users\Àðò¸ì\AppData\Local\Packages\PythonSoftwareFoundation.Python.3.8_qbz5n2kfra8p0\LocalCache\local-packages\Python38\site-packages\django\db\models\fields\related_descriptors.py", line 192, in __set__
    raise ValueError(
ValueError: Cannot assign "'test'": "Comment.user" must be a "User" instance.
ERROR 2021-11-03 23:21:28,114 basehttp 18184 12208 "POST / HTTP/1.1" 500 77368
INFO 2021-11-03 23:23:15,782 basehttp 15940 3140 "GET / HTTP/1.1" 200 30234
INFO 2021-11-03 23:23:23,351 basehttp 15940 20060 "POST / HTTP/1.1" 200 30447
ERROR 2021-11-03 23:25:14,627 exception 9672 1760 Internal Server Error: /
Traceback (most recent call last):
  File "C:\Users\Àðò¸ì\AppData\Local\Packages\PythonSoftwareFoundation.Python.3.8_qbz5n2kfra8p0\LocalCache\local-packages\Python38\site-packages\django\utils\datastructures.py", line 77, in __getitem__
    list_ = super().__getitem__(key)
KeyError: 'Text'

During handling of the above exception, another exception occurred:

Traceback (most recent call last):
  File "C:\Users\Àðò¸ì\AppData\Local\Packages\PythonSoftwareFoundation.Python.3.8_qbz5n2kfra8p0\LocalCache\local-packages\Python38\site-packages\django\core\handlers\exception.py", line 35, in inner
    response = get_response(request)
  File "C:\Users\Àðò¸ì\AppData\Local\Packages\PythonSoftwareFoundation.Python.3.8_qbz5n2kfra8p0\LocalCache\local-packages\Python38\site-packages\django\core\handlers\base.py", line 128, in _get_response
    response = self.process_exception_by_middleware(e, request)
  File "C:\Users\Àðò¸ì\AppData\Local\Packages\PythonSoftwareFoundation.Python.3.8_qbz5n2kfra8p0\LocalCache\local-packages\Python38\site-packages\django\core\handlers\base.py", line 126, in _get_response
    response = wrapped_callback(request, *callback_args, **callback_kwargs)
  File "C:\Users\Àðò¸ì\Documents\GitHub\7sem\marshutka\firstpaige\views.py", line 12, in index
    comment.comment = request.POST['Text']
  File "C:\Users\Àðò¸ì\AppData\Local\Packages\PythonSoftwareFoundation.Python.3.8_qbz5n2kfra8p0\LocalCache\local-packages\Python38\site-packages\django\utils\datastructures.py", line 79, in __getitem__
    raise MultiValueDictKeyError(key)
django.utils.datastructures.MultiValueDictKeyError: 'Text'
ERROR 2021-11-03 23:25:15,032 basehttp 9672 1760 "POST / HTTP/1.1" 500 81402
INFO 2021-11-03 23:25:19,837 basehttp 9672 16804 "GET / HTTP/1.1" 200 30485
INFO 2021-11-03 23:25:37,157 basehttp 9672 19572 "GET / HTTP/1.1" 200 30485
INFO 2021-11-03 23:26:10,350 basehttp 9672 18272 "GET / HTTP/1.1" 200 30487
INFO 2021-11-03 23:26:29,871 basehttp 9672 8136 "GET / HTTP/1.1" 200 30486
INFO 2021-11-03 23:26:36,843 basehttp 9672 11636 "POST / HTTP/1.1" 200 30700
